nohup: ignoring input
--------Train with SVRG replay--------
[Seq 1, Epoch 10] val accuracy: 0.75 (317 / 423), avg loss: 0.48 .
[Seq 1, Epoch 20] val accuracy: 0.76 (322 / 423), avg loss: 0.42 .
[Seq 1, Epoch 30] val accuracy: 0.77 (326 / 423), avg loss: 0.36 .
[Seq 1, Epoch 40] val accuracy: 0.77 (324 / 423), avg loss: 0.31 .
[Seq 1, Epoch 50] val accuracy: 0.76 (320 / 423), avg loss: 0.25 .
[Seq 1, Epoch 60] val accuracy: 0.76 (323 / 423), avg loss: 0.20 .
[Seq 1, Epoch 70] val accuracy: 0.76 (323 / 423), avg loss: 0.15 .
[Seq 1, Epoch 80] val accuracy: 0.77 (326 / 423), avg loss: 0.11 .
[Seq 1, Epoch 90] val accuracy: 0.76 (323 / 423), avg loss: 0.08 .
[Seq 1, Epoch 100] val accuracy: 0.76 (320 / 423), avg loss: 0.06 .
test accuracy: 0.764 (6926 / 9069).
Current test acc : 0.764, Best previous test acc : 0.764
!sample done!
!update history done!
[Seq 2, Epoch 10] val accuracy: 0.73 (493 / 679), avg loss: 0.97 .
[Seq 2, Epoch 20] val accuracy: 0.74 (502 / 679), avg loss: 1.11 .
[Seq 2, Epoch 30] val accuracy: 0.72 (491 / 679), avg loss: 1.19 .
[Seq 2, Epoch 40] val accuracy: 0.73 (499 / 679), avg loss: 1.24 .
[Seq 2, Epoch 50] val accuracy: 0.73 (498 / 679), avg loss: 1.27 .
[Seq 2, Epoch 60] val accuracy: 0.73 (495 / 679), avg loss: 1.32 .
[Seq 2, Epoch 70] val accuracy: 0.73 (494 / 679), avg loss: 1.36 .
[Seq 2, Epoch 80] val accuracy: 0.72 (492 / 679), avg loss: 1.35 .
[Seq 2, Epoch 90] val accuracy: 0.74 (503 / 679), avg loss: 1.41 .
[Seq 2, Epoch 100] val accuracy: 0.73 (494 / 679), avg loss: 1.43 .
test accuracy: 0.746 (6763 / 9069).
Current test acc : 0.746, Best previous test acc : 0.764
!sample done!
!update history done!
[Seq 3, Epoch 10] val accuracy: 0.60 (406 / 679), avg loss: 0.81 .
[Seq 3, Epoch 20] val accuracy: 0.65 (443 / 679), avg loss: 0.93 .
[Seq 3, Epoch 30] val accuracy: 0.73 (495 / 679), avg loss: 0.69 .
[Seq 3, Epoch 40] val accuracy: 0.73 (497 / 679), avg loss: 0.86 .
[Seq 3, Epoch 50] val accuracy: 0.73 (495 / 679), avg loss: 1.07 .
[Seq 3, Epoch 60] val accuracy: 0.71 (480 / 679), avg loss: 1.23 .
!!!Early Stop!!!
test accuracy: 0.751 (6807 / 9069).
Current test acc : 0.751, Best previous test acc : 0.764
!sample done!
!update history done!
[Seq 4, Epoch 10] val accuracy: 0.58 (396 / 679), avg loss: 1.47 .
[Seq 4, Epoch 20] val accuracy: 0.74 (504 / 679), avg loss: 1.38 .
[Seq 4, Epoch 30] val accuracy: 0.71 (482 / 679), avg loss: 1.45 .
[Seq 4, Epoch 40] val accuracy: 0.72 (492 / 679), avg loss: 1.74 .
[Seq 4, Epoch 50] val accuracy: 0.69 (466 / 679), avg loss: 1.53 .
[Seq 4, Epoch 60] val accuracy: 0.72 (486 / 679), avg loss: 1.20 .
[Seq 4, Epoch 70] val accuracy: 0.71 (483 / 679), avg loss: 1.48 .
[Seq 4, Epoch 80] val accuracy: 0.58 (393 / 679), avg loss: 1.71 .
[Seq 4, Epoch 90] val accuracy: 0.72 (491 / 679), avg loss: 1.48 .
[Seq 4, Epoch 100] val accuracy: 0.72 (489 / 679), avg loss: 1.63 .
test accuracy: 0.766 (6945 / 9069).
Current test acc : 0.766, Best previous test acc : 0.766
!sample done!
!update history done!
[Seq 5, Epoch 10] val accuracy: 0.68 (459 / 679), avg loss: 2.29 .
[Seq 5, Epoch 20] val accuracy: 0.71 (480 / 679), avg loss: 2.36 .
[Seq 5, Epoch 30] val accuracy: 0.59 (398 / 679), avg loss: 1.68 .
[Seq 5, Epoch 40] val accuracy: 0.70 (477 / 679), avg loss: 2.34 .
[Seq 5, Epoch 50] val accuracy: 0.69 (469 / 679), avg loss: 2.40 .
[Seq 5, Epoch 60] val accuracy: 0.58 (395 / 679), avg loss: 1.37 .
[Seq 5, Epoch 70] val accuracy: 0.68 (463 / 679), avg loss: 1.86 .
[Seq 5, Epoch 80] val accuracy: 0.68 (461 / 679), avg loss: 2.31 .
[Seq 5, Epoch 90] val accuracy: 0.58 (396 / 679), avg loss: 2.48 .
[Seq 5, Epoch 100] val accuracy: 0.66 (446 / 679), avg loss: 2.26 .
test accuracy: 0.759 (6886 / 9069).
Current test acc : 0.759, Best previous test acc : 0.766
!sample done!
!update history done!
Training time: 91756.338
Last Forgetting : 0.008
Last Intransigence : 0.077
test accuracy: 0.748 (6788 / 9069).
val accuracy: 0.749 (1585 / 2115).
