nohup: ignoring input(minimum loss)
--------Train with SVRG replay--------
[Seq 1, Epoch 10] val accuracy: 0.72 (304 / 423), avg loss: 0.46, best epoch: 9 .
[Seq 1, Epoch 20] val accuracy: 0.73 (307 / 423), avg loss: 0.40, best epoch: 19 .
[Seq 1, Epoch 30] val accuracy: 0.74 (312 / 423), avg loss: 0.35, best epoch: 24 .
[Seq 1, Epoch 40] val accuracy: 0.74 (311 / 423), avg loss: 0.30, best epoch: 24 .
[Seq 1, Epoch 50] val accuracy: 0.74 (313 / 423), avg loss: 0.26, best epoch: 24 .
[Seq 1, Epoch 60] val accuracy: 0.73 (309 / 423), avg loss: 0.21, best epoch: 24 .
[Seq 1, Epoch 70] val accuracy: 0.74 (313 / 423), avg loss: 0.17, best epoch: 24 .
[Seq 1, Epoch 80] val accuracy: 0.74 (315 / 423), avg loss: 0.14, best epoch: 24 .
[Seq 1, Epoch 90] val accuracy: 0.74 (314 / 423), avg loss: 0.11, best epoch: 24 .
[Seq 1, Epoch 100] val accuracy: 0.74 (314 / 423), avg loss: 0.10, best epoch: 24 .
test accuracy: 0.776 (7035 / 9069).
Current test acc : 0.776, Best previous test acc : 0.776
!sample done!
!update history done!
[Seq 2, Epoch 1] val accuracy: 0.77 (324 / 423), avg loss: 0.54, best epoch: 0 .
[Seq 2, Epoch 2] val accuracy: 0.74 (315 / 423), avg loss: 0.52, best epoch: 0 .
[Seq 2, Epoch 3] val accuracy: 0.75 (318 / 423), avg loss: 0.51, best epoch: 0 .
[Seq 2, Epoch 4] val accuracy: 0.75 (319 / 423), avg loss: 0.51, best epoch: 0 .
[Seq 2, Epoch 5] val accuracy: 0.77 (327 / 423), avg loss: 0.50, best epoch: 0 .
[Seq 2, Epoch 6] val accuracy: 0.76 (321 / 423), avg loss: 0.50, best epoch: 0 .
[Seq 2, Epoch 7] val accuracy: 0.78 (329 / 423), avg loss: 0.49, best epoch: 0 .
[Seq 2, Epoch 8] val accuracy: 0.78 (332 / 423), avg loss: 0.49, best epoch: 0 .
[Seq 2, Epoch 9] val accuracy: 0.78 (330 / 423), avg loss: 0.49, best epoch: 0 .
[Seq 2, Epoch 10] val accuracy: 0.80 (338 / 423), avg loss: 0.49, best epoch: 0 .
test accuracy: 0.784 (7108 / 9069).
Current test acc : 0.784, Best previous test acc : 0.784
!sample done!
!update history done!
[Seq 3, Epoch 1] val accuracy: 0.79 (336 / 423), avg loss: 0.48, best epoch: 0 .
[Seq 3, Epoch 2] val accuracy: 0.81 (341 / 423), avg loss: 0.47, best epoch: 1 .
[Seq 3, Epoch 3] val accuracy: 0.80 (340 / 423), avg loss: 0.47, best epoch: 1 .
[Seq 3, Epoch 4] val accuracy: 0.80 (340 / 423), avg loss: 0.47, best epoch: 3 .
[Seq 3, Epoch 5] val accuracy: 0.79 (334 / 423), avg loss: 0.46, best epoch: 3 .
[Seq 3, Epoch 6] val accuracy: 0.81 (343 / 423), avg loss: 0.46, best epoch: 5 .
[Seq 3, Epoch 7] val accuracy: 0.80 (338 / 423), avg loss: 0.46, best epoch: 5 .
[Seq 3, Epoch 8] val accuracy: 0.81 (342 / 423), avg loss: 0.46, best epoch: 5 .
[Seq 3, Epoch 9] val accuracy: 0.80 (340 / 423), avg loss: 0.46, best epoch: 5 .
[Seq 3, Epoch 10] val accuracy: 0.78 (332 / 423), avg loss: 0.46, best epoch: 5 .
test accuracy: 0.785 (7115 / 9069).
Current test acc : 0.785, Best previous test acc : 0.785
!sample done!
!update history done!
[Seq 4, Epoch 1] val accuracy: 0.76 (321 / 423), avg loss: 0.51, best epoch: 0 .
[Seq 4, Epoch 2] val accuracy: 0.77 (324 / 423), avg loss: 0.51, best epoch: 0 .
[Seq 4, Epoch 3] val accuracy: 0.77 (327 / 423), avg loss: 0.50, best epoch: 2 .
[Seq 4, Epoch 4] val accuracy: 0.76 (320 / 423), avg loss: 0.50, best epoch: 2 .
[Seq 4, Epoch 5] val accuracy: 0.75 (319 / 423), avg loss: 0.51, best epoch: 2 .
[Seq 4, Epoch 6] val accuracy: 0.77 (324 / 423), avg loss: 0.51, best epoch: 2 .
[Seq 4, Epoch 7] val accuracy: 0.74 (314 / 423), avg loss: 0.53, best epoch: 2 .
[Seq 4, Epoch 8] val accuracy: 0.75 (316 / 423), avg loss: 0.55, best epoch: 2 .
[Seq 4, Epoch 9] val accuracy: 0.77 (326 / 423), avg loss: 0.56, best epoch: 2 .
[Seq 4, Epoch 10] val accuracy: 0.75 (319 / 423), avg loss: 0.57, best epoch: 2 .
test accuracy: 0.785 (7121 / 9069).
Current test acc : 0.785, Best previous test acc : 0.785
!sample done!
!update history done!
[Seq 5, Epoch 1] val accuracy: 0.74 (312 / 423), avg loss: 0.54, best epoch: 0 .
[Seq 5, Epoch 2] val accuracy: 0.72 (306 / 423), avg loss: 0.54, best epoch: 0 .
[Seq 5, Epoch 3] val accuracy: 0.68 (289 / 423), avg loss: 0.54, best epoch: 0 .
[Seq 5, Epoch 4] val accuracy: 0.58 (245 / 423), avg loss: 0.55, best epoch: 0 .
[Seq 5, Epoch 5] val accuracy: 0.53 (225 / 423), avg loss: 0.56, best epoch: 0 .
[Seq 5, Epoch 6] val accuracy: 0.45 (192 / 423), avg loss: 0.57, best epoch: 0 .
[Seq 5, Epoch 7] val accuracy: 0.38 (161 / 423), avg loss: 0.60, best epoch: 0 .
[Seq 5, Epoch 8] val accuracy: 0.33 (139 / 423), avg loss: 0.62, best epoch: 0 .
[Seq 5, Epoch 9] val accuracy: 0.33 (139 / 423), avg loss: 0.64, best epoch: 0 .
[Seq 5, Epoch 10] val accuracy: 0.32 (135 / 423), avg loss: 0.68, best epoch: 0 .
test accuracy: 0.793 (7194 / 9069).
Current test acc : 0.793, Best previous test acc : 0.793
!sample done!
!update history done!
Training time: 5034.278
Last Forgetting : 0.000
Last Intransigence : 0.050
test accuracy: 0.797 (7225 / 9069).
val accuracy: 0.791 (1674 / 2115).





