nohup: ignoring input(0.001, 10, 0.1)
--------Train with SVRG replay--------
[Seq 1, Epoch 10] val accuracy: 0.74 (314 / 423), avg loss: 0.49 .
[Seq 1, Epoch 20] val accuracy: 0.75 (319 / 423), avg loss: 0.47 .
[Seq 1, Epoch 30] val accuracy: 0.75 (316 / 423), avg loss: 0.47 .
[Seq 1, Epoch 40] val accuracy: 0.75 (317 / 423), avg loss: 0.47 .
[Seq 1, Epoch 50] val accuracy: 0.75 (318 / 423), avg loss: 0.47 .
[Seq 1, Epoch 60] val accuracy: 0.75 (318 / 423), avg loss: 0.47 .
[Seq 1, Epoch 70] val accuracy: 0.74 (315 / 423), avg loss: 0.47 .
[Seq 1, Epoch 80] val accuracy: 0.75 (318 / 423), avg loss: 0.47 .
[Seq 1, Epoch 90] val accuracy: 0.74 (315 / 423), avg loss: 0.47 .
[Seq 1, Epoch 100] val accuracy: 0.75 (316 / 423), avg loss: 0.47 .
test accuracy: 0.751 (6812 / 9069).
Current test acc : 0.751, Best previous test acc : 0.751
!sample done!
!update history done!
[Seq 2, Epoch 10] val accuracy: 0.57 (390 / 679), avg loss: 0.49 .
[Seq 2, Epoch 20] val accuracy: 0.66 (449 / 679), avg loss: 0.50 .
[Seq 2, Epoch 30] val accuracy: 0.69 (468 / 679), avg loss: 0.50 .
[Seq 2, Epoch 40] val accuracy: 0.69 (471 / 679), avg loss: 0.50 .
[Seq 2, Epoch 50] val accuracy: 0.69 (470 / 679), avg loss: 0.50 .
[Seq 2, Epoch 60] val accuracy: 0.69 (471 / 679), avg loss: 0.50 .
[Seq 2, Epoch 70] val accuracy: 0.69 (467 / 679), avg loss: 0.50 .
[Seq 2, Epoch 80] val accuracy: 0.69 (471 / 679), avg loss: 0.50 .
[Seq 2, Epoch 90] val accuracy: 0.70 (473 / 679), avg loss: 0.50 .
[Seq 2, Epoch 100] val accuracy: 0.69 (470 / 679), avg loss: 0.50 .
test accuracy: 0.720 (6528 / 9069).
Current test acc : 0.720, Best previous test acc : 0.751
!sample done!
!update history done!
[Seq 3, Epoch 10] val accuracy: 0.72 (486 / 679), avg loss: 0.45 .
[Seq 3, Epoch 20] val accuracy: 0.76 (513 / 679), avg loss: 0.45 .
[Seq 3, Epoch 30] val accuracy: 0.76 (518 / 679), avg loss: 0.45 .
[Seq 3, Epoch 40] val accuracy: 0.76 (518 / 679), avg loss: 0.45 .
[Seq 3, Epoch 50] val accuracy: 0.76 (516 / 679), avg loss: 0.45 .
[Seq 3, Epoch 60] val accuracy: 0.76 (517 / 679), avg loss: 0.46 .
[Seq 3, Epoch 70] val accuracy: 0.76 (517 / 679), avg loss: 0.45 .
[Seq 3, Epoch 80] val accuracy: 0.76 (517 / 679), avg loss: 0.45 .
[Seq 3, Epoch 90] val accuracy: 0.76 (516 / 679), avg loss: 0.45 .
[Seq 3, Epoch 100] val accuracy: 0.76 (518 / 679), avg loss: 0.45 .
test accuracy: 0.747 (6775 / 9069).
Current test acc : 0.747, Best previous test acc : 0.751
!sample done!
!update history done!
[Seq 4, Epoch 10] val accuracy: 0.79 (539 / 679), avg loss: 0.48 .
[Seq 4, Epoch 20] val accuracy: 0.78 (527 / 679), avg loss: 0.48 .
[Seq 4, Epoch 30] val accuracy: 0.78 (527 / 679), avg loss: 0.48 .
[Seq 4, Epoch 40] val accuracy: 0.77 (526 / 679), avg loss: 0.48 .
[Seq 4, Epoch 50] val accuracy: 0.78 (529 / 679), avg loss: 0.48 .
[Seq 4, Epoch 60] val accuracy: 0.77 (525 / 679), avg loss: 0.48 .
[Seq 4, Epoch 70] val accuracy: 0.78 (530 / 679), avg loss: 0.48 .
[Seq 4, Epoch 80] val accuracy: 0.78 (530 / 679), avg loss: 0.48 .
[Seq 4, Epoch 90] val accuracy: 0.78 (528 / 679), avg loss: 0.48 .
[Seq 4, Epoch 100] val accuracy: 0.77 (525 / 679), avg loss: 0.48 .
test accuracy: 0.783 (7102 / 9069).
Current test acc : 0.783, Best previous test acc : 0.783
!sample done!
!update history done!
[Seq 5, Epoch 10] val accuracy: 0.51 (349 / 679), avg loss: 0.52 .
[Seq 5, Epoch 20] val accuracy: 0.60 (408 / 679), avg loss: 0.58 .
[Seq 5, Epoch 30] val accuracy: 0.64 (432 / 679), avg loss: 0.60 .
[Seq 5, Epoch 40] val accuracy: 0.65 (438 / 679), avg loss: 0.60 .
[Seq 5, Epoch 50] val accuracy: 0.66 (445 / 679), avg loss: 0.60 .
[Seq 5, Epoch 60] val accuracy: 0.66 (447 / 679), avg loss: 0.60 .
[Seq 5, Epoch 70] val accuracy: 0.66 (451 / 679), avg loss: 0.60 .
[Seq 5, Epoch 80] val accuracy: 0.66 (450 / 679), avg loss: 0.60 .
[Seq 5, Epoch 90] val accuracy: 0.65 (444 / 679), avg loss: 0.60 .
[Seq 5, Epoch 100] val accuracy: 0.64 (437 / 679), avg loss: 0.60 .
test accuracy: 0.778 (7052 / 9069).
Current test acc : 0.778, Best previous test acc : 0.783
!sample done!
!update history done!
Training time: 95772.556
Last Forgetting : 0.008
Last Intransigence : 0.078
test accuracy: 0.778 (7052 / 9069).
val accuracy: 0.769 (1627 / 2115).
