nohup: ignoring input
--------Train with SVRG replay--------
[Seq 1, Epoch 10] val accuracy: 0.74 (312 / 423), avg loss: 0.48 .
[Seq 1, Epoch 20] val accuracy: 0.77 (325 / 423), avg loss: 0.42 .
[Seq 1, Epoch 30] val accuracy: 0.78 (328 / 423), avg loss: 0.36 .
[Seq 1, Epoch 40] val accuracy: 0.77 (327 / 423), avg loss: 0.30 .
[Seq 1, Epoch 50] val accuracy: 0.78 (330 / 423), avg loss: 0.24 .
[Seq 1, Epoch 60] val accuracy: 0.77 (326 / 423), avg loss: 0.18 .
[Seq 1, Epoch 70] val accuracy: 0.78 (329 / 423), avg loss: 0.14 .
[Seq 1, Epoch 80] val accuracy: 0.78 (329 / 423), avg loss: 0.10 .
[Seq 1, Epoch 90] val accuracy: 0.75 (317 / 423), avg loss: 0.08 .
[Seq 1, Epoch 100] val accuracy: 0.78 (328 / 423), avg loss: 0.05 .
test accuracy: 0.776 (7035 / 9069).
Current test acc : 0.776, Best previous test acc : 0.776
!sample done!
!update history done!
[Seq 2, Epoch 10] val accuracy: 0.81 (342 / 423), avg loss: 0.25 .
[Seq 2, Epoch 20] val accuracy: 0.83 (352 / 423), avg loss: 0.14 .
[Seq 2, Epoch 30] val accuracy: 0.84 (355 / 423), avg loss: 0.08 .
[Seq 2, Epoch 40] val accuracy: 0.84 (357 / 423), avg loss: 0.05 .
[Seq 2, Epoch 50] val accuracy: 0.84 (354 / 423), avg loss: 0.03 .
[Seq 2, Epoch 60] val accuracy: 0.84 (356 / 423), avg loss: 0.02 .
[Seq 2, Epoch 70] val accuracy: 0.85 (359 / 423), avg loss: 0.02 .
[Seq 2, Epoch 80] val accuracy: 0.85 (358 / 423), avg loss: 0.01 .
[Seq 2, Epoch 90] val accuracy: 0.85 (359 / 423), avg loss: 0.01 .
[Seq 2, Epoch 100] val accuracy: 0.85 (360 / 423), avg loss: 0.01 .
test accuracy: 0.793 (7196 / 9069).
Current test acc : 0.793, Best previous test acc : 0.793
!sample done!
!update history done!
[Seq 3, Epoch 10] val accuracy: 0.87 (369 / 423), avg loss: 0.10 .
[Seq 3, Epoch 20] val accuracy: 0.87 (366 / 423), avg loss: 0.04 .
[Seq 3, Epoch 30] val accuracy: 0.87 (368 / 423), avg loss: 0.03 .
[Seq 3, Epoch 40] val accuracy: 0.87 (368 / 423), avg loss: 0.01 .
[Seq 3, Epoch 50] val accuracy: 0.87 (369 / 423), avg loss: 0.01 .
[Seq 3, Epoch 60] val accuracy: 0.87 (369 / 423), avg loss: 0.01 .
[Seq 3, Epoch 70] val accuracy: 0.87 (369 / 423), avg loss: 0.01 .
[Seq 3, Epoch 80] val accuracy: 0.87 (368 / 423), avg loss: 0.01 .
[Seq 3, Epoch 90] val accuracy: 0.87 (370 / 423), avg loss: 0.01 .
[Seq 3, Epoch 100] val accuracy: 0.87 (369 / 423), avg loss: 0.00 .
test accuracy: 0.795 (7206 / 9069).
Current test acc : 0.795, Best previous test acc : 0.795
!sample done!
!update history done!
[Seq 4, Epoch 10] val accuracy: 0.80 (338 / 423), avg loss: 0.09 .
[Seq 4, Epoch 20] val accuracy: 0.82 (346 / 423), avg loss: 0.03 .
[Seq 4, Epoch 30] val accuracy: 0.81 (344 / 423), avg loss: 0.02 .
[Seq 4, Epoch 40] val accuracy: 0.82 (348 / 423), avg loss: 0.01 .
[Seq 4, Epoch 50] val accuracy: 0.82 (347 / 423), avg loss: 0.01 .
[Seq 4, Epoch 60] val accuracy: 0.82 (348 / 423), avg loss: 0.01 .
[Seq 4, Epoch 70] val accuracy: 0.83 (349 / 423), avg loss: 0.01 .
[Seq 4, Epoch 80] val accuracy: 0.83 (349 / 423), avg loss: 0.00 .
[Seq 4, Epoch 90] val accuracy: 0.83 (349 / 423), avg loss: 0.00 .
[Seq 4, Epoch 100] val accuracy: 0.83 (349 / 423), avg loss: 0.00 .
test accuracy: 0.808 (7331 / 9069).
Current test acc : 0.808, Best previous test acc : 0.808
!sample done!
!update history done!
[Seq 5, Epoch 10] val accuracy: 0.78 (331 / 423), avg loss: 0.14 .
[Seq 5, Epoch 20] val accuracy: 0.78 (330 / 423), avg loss: 0.05 .
[Seq 5, Epoch 30] val accuracy: 0.78 (329 / 423), avg loss: 0.03 .
[Seq 5, Epoch 40] val accuracy: 0.78 (329 / 423), avg loss: 0.02 .
[Seq 5, Epoch 50] val accuracy: 0.79 (333 / 423), avg loss: 0.02 .
[Seq 5, Epoch 60] val accuracy: 0.79 (336 / 423), avg loss: 0.01 .
[Seq 5, Epoch 70] val accuracy: 0.78 (331 / 423), avg loss: 0.01 .
[Seq 5, Epoch 80] val accuracy: 0.80 (339 / 423), avg loss: 0.01 .
[Seq 5, Epoch 90] val accuracy: 0.80 (340 / 423), avg loss: 0.01 .
[Seq 5, Epoch 100] val accuracy: 0.80 (339 / 423), avg loss: 0.01 .
test accuracy: 0.785 (7122 / 9069).
Current test acc : 0.785, Best previous test acc : 0.808
!sample done!
!update history done!
Training time: 53557.816
Last Forgetting : 0.005
Last Intransigence : 0.043
test accuracy: 0.785 (7122 / 9069).
val accuracy: 0.783 (1657 / 2115).





nohup: ignoring input
--------Train with SVRG replay--------
[Seq 1, Epoch 10] val accuracy: 0.71 (300 / 423), avg loss: 0.48, best epoch: 9 .
[Seq 1, Epoch 20] val accuracy: 0.74 (313 / 423), avg loss: 0.42, best epoch: 14 .
[Seq 1, Epoch 30] val accuracy: 0.72 (303 / 423), avg loss: 0.37, best epoch: 14 .
[Seq 1, Epoch 40] val accuracy: 0.76 (321 / 423), avg loss: 0.32, best epoch: 39 .
[Seq 1, Epoch 50] val accuracy: 0.76 (320 / 423), avg loss: 0.28, best epoch: 39 .
[Seq 1, Epoch 60] val accuracy: 0.76 (320 / 423), avg loss: 0.23, best epoch: 39 .
[Seq 1, Epoch 70] val accuracy: 0.75 (318 / 423), avg loss: 0.19, best epoch: 39 .
[Seq 1, Epoch 80] val accuracy: 0.76 (320 / 423), avg loss: 0.16, best epoch: 39 .
[Seq 1, Epoch 90] val accuracy: 0.75 (317 / 423), avg loss: 0.13, best epoch: 39 .
[Seq 1, Epoch 100] val accuracy: 0.75 (316 / 423), avg loss: 0.10, best epoch: 39 .
test accuracy: 0.774 (7021 / 9069).
Current test acc : 0.774, Best previous test acc : 0.774
!sample done!
!update history done!
[Seq 2, Epoch 1] val accuracy: 0.84 (355 / 423), avg loss: 0.53, best epoch: 0 .
[Seq 2, Epoch 2] val accuracy: 0.76 (321 / 423), avg loss: 0.50, best epoch: 0 .
[Seq 2, Epoch 3] val accuracy: 0.83 (351 / 423), avg loss: 0.49, best epoch: 0 .
[Seq 2, Epoch 4] val accuracy: 0.78 (332 / 423), avg loss: 0.48, best epoch: 0 .
[Seq 2, Epoch 5] val accuracy: 0.82 (348 / 423), avg loss: 0.47, best epoch: 0 .
[Seq 2, Epoch 6] val accuracy: 0.75 (317 / 423), avg loss: 0.46, best epoch: 0 .
[Seq 2, Epoch 7] val accuracy: 0.82 (347 / 423), avg loss: 0.45, best epoch: 0 .
[Seq 2, Epoch 8] val accuracy: 0.71 (301 / 423), avg loss: 0.44, best epoch: 0 .
[Seq 2, Epoch 9] val accuracy: 0.78 (329 / 423), avg loss: 0.43, best epoch: 0 .
[Seq 2, Epoch 10] val accuracy: 0.76 (322 / 423), avg loss: 0.43, best epoch: 0 .
test accuracy: 0.793 (7189 / 9069).
Current test acc : 0.793, Best previous test acc : 0.793
!sample done!
!update history done!
[Seq 3, Epoch 1] val accuracy: 0.82 (348 / 423), avg loss: 0.46, best epoch: 0 .
[Seq 3, Epoch 2] val accuracy: 0.82 (347 / 423), avg loss: 0.46, best epoch: 0 .
[Seq 3, Epoch 3] val accuracy: 0.72 (305 / 423), avg loss: 0.45, best epoch: 0 .
[Seq 3, Epoch 4] val accuracy: 0.83 (352 / 423), avg loss: 0.43, best epoch: 3 .
[Seq 3, Epoch 5] val accuracy: 0.84 (357 / 423), avg loss: 0.42, best epoch: 4 .
[Seq 3, Epoch 6] val accuracy: 0.83 (351 / 423), avg loss: 0.42, best epoch: 4 .
[Seq 3, Epoch 7] val accuracy: 0.85 (358 / 423), avg loss: 0.41, best epoch: 6 .
[Seq 3, Epoch 8] val accuracy: 0.85 (358 / 423), avg loss: 0.40, best epoch: 6 .
[Seq 3, Epoch 9] val accuracy: 0.84 (356 / 423), avg loss: 0.40, best epoch: 6 .
[Seq 3, Epoch 10] val accuracy: 0.86 (364 / 423), avg loss: 0.39, best epoch: 9 .
test accuracy: 0.799 (7248 / 9069).
Current test acc : 0.799, Best previous test acc : 0.799
!sample done!
!update history done!
[Seq 4, Epoch 1] val accuracy: 0.77 (327 / 423), avg loss: 0.51, best epoch: 0 .
[Seq 4, Epoch 2] val accuracy: 0.78 (329 / 423), avg loss: 0.49, best epoch: 1 .
[Seq 4, Epoch 3] val accuracy: 0.77 (326 / 423), avg loss: 0.49, best epoch: 1 .
[Seq 4, Epoch 4] val accuracy: 0.77 (327 / 423), avg loss: 0.48, best epoch: 1 .
[Seq 4, Epoch 5] val accuracy: 0.76 (323 / 423), avg loss: 0.47, best epoch: 1 .
[Seq 4, Epoch 6] val accuracy: 0.75 (316 / 423), avg loss: 0.46, best epoch: 1 .
[Seq 4, Epoch 7] val accuracy: 0.74 (311 / 423), avg loss: 0.46, best epoch: 1 .
[Seq 4, Epoch 8] val accuracy: 0.76 (320 / 423), avg loss: 0.45, best epoch: 1 .
[Seq 4, Epoch 9] val accuracy: 0.74 (314 / 423), avg loss: 0.44, best epoch: 1 .
[Seq 4, Epoch 10] val accuracy: 0.76 (320 / 423), avg loss: 0.44, best epoch: 1 .
test accuracy: 0.791 (7172 / 9069).
Current test acc : 0.791, Best previous test acc : 0.799
!sample done!
!update history done!
[Seq 5, Epoch 1] val accuracy: 0.78 (329 / 423), avg loss: 0.51, best epoch: 0 .
[Seq 5, Epoch 2] val accuracy: 0.78 (330 / 423), avg loss: 0.47, best epoch: 1 .
[Seq 5, Epoch 3] val accuracy: 0.78 (331 / 423), avg loss: 0.47, best epoch: 2 .
[Seq 5, Epoch 4] val accuracy: 0.76 (321 / 423), avg loss: 0.47, best epoch: 2 .
[Seq 5, Epoch 5] val accuracy: 0.75 (318 / 423), avg loss: 0.46, best epoch: 2 .
[Seq 5, Epoch 6] val accuracy: 0.78 (332 / 423), avg loss: 0.45, best epoch: 5 .
[Seq 5, Epoch 7] val accuracy: 0.78 (331 / 423), avg loss: 0.45, best epoch: 5 .
[Seq 5, Epoch 8] val accuracy: 0.78 (332 / 423), avg loss: 0.45, best epoch: 5 .
[Seq 5, Epoch 9] val accuracy: 0.76 (323 / 423), avg loss: 0.45, best epoch: 5 .
[Seq 5, Epoch 10] val accuracy: 0.77 (327 / 423), avg loss: 0.44, best epoch: 5 .
test accuracy: 0.749 (6795 / 9069).
Current test acc : 0.749, Best previous test acc : 0.799
!sample done!
!update history done!
Training time: 5041.175
Last Forgetting : 0.012
Last Intransigence : 0.053
test accuracy: 0.801 (7260 / 9069).
val accuracy: 0.791 (1672 / 2115).




nohup: ignoring input
--------Train with SVRG replay--------
[Seq 1, Epoch 10] val accuracy: 0.75 (318 / 423), avg loss: 0.46, best epoch: 9 .
[Seq 1, Epoch 20] val accuracy: 0.77 (326 / 423), avg loss: 0.40, best epoch: 19 .
[Seq 1, Epoch 30] val accuracy: 0.78 (331 / 423), avg loss: 0.35, best epoch: 29 .
[Seq 1, Epoch 40] val accuracy: 0.78 (330 / 423), avg loss: 0.30, best epoch: 29 .
[Seq 1, Epoch 50] val accuracy: 0.77 (326 / 423), avg loss: 0.25, best epoch: 29 .
[Seq 1, Epoch 60] val accuracy: 0.78 (331 / 423), avg loss: 0.21, best epoch: 29 .
[Seq 1, Epoch 70] val accuracy: 0.78 (328 / 423), avg loss: 0.16, best epoch: 29 .
[Seq 1, Epoch 80] val accuracy: 0.77 (326 / 423), avg loss: 0.13, best epoch: 29 .
[Seq 1, Epoch 90] val accuracy: 0.77 (324 / 423), avg loss: 0.10, best epoch: 29 .
[Seq 1, Epoch 100] val accuracy: 0.76 (323 / 423), avg loss: 0.08, best epoch: 29 .
test accuracy: 0.776 (7041 / 9069).
Current test acc : 0.776, Best previous test acc : 0.776
!sample done!
!update history done!
[Seq 2, Epoch 1] val accuracy: 0.76 (321 / 423), avg loss: 0.51, best epoch: 0 .
[Seq 2, Epoch 2] val accuracy: 0.75 (319 / 423), avg loss: 0.51, best epoch: 0 .
[Seq 2, Epoch 3] val accuracy: 0.75 (318 / 423), avg loss: 0.48, best epoch: 0 .
[Seq 2, Epoch 4] val accuracy: 0.78 (330 / 423), avg loss: 0.47, best epoch: 3 .
[Seq 2, Epoch 5] val accuracy: 0.77 (327 / 423), avg loss: 0.47, best epoch: 3 .
[Seq 2, Epoch 6] val accuracy: 0.77 (326 / 423), avg loss: 0.45, best epoch: 3 .
[Seq 2, Epoch 7] val accuracy: 0.78 (328 / 423), avg loss: 0.44, best epoch: 3 .
[Seq 2, Epoch 8] val accuracy: 0.77 (327 / 423), avg loss: 0.43, best epoch: 3 .
[Seq 2, Epoch 9] val accuracy: 0.78 (330 / 423), avg loss: 0.43, best epoch: 3 .
[Seq 2, Epoch 10] val accuracy: 0.78 (328 / 423), avg loss: 0.42, best epoch: 3 .
test accuracy: 0.780 (7073 / 9069).
Current test acc : 0.780, Best previous test acc : 0.780
!sample done!
!update history done!
[Seq 3, Epoch 1] val accuracy: 0.80 (340 / 423), avg loss: 0.48, best epoch: 0 .
[Seq 3, Epoch 2] val accuracy: 0.81 (341 / 423), avg loss: 0.46, best epoch: 1 .
[Seq 3, Epoch 3] val accuracy: 0.82 (348 / 423), avg loss: 0.45, best epoch: 2 .
[Seq 3, Epoch 4] val accuracy: 0.82 (346 / 423), avg loss: 0.44, best epoch: 2 .
[Seq 3, Epoch 5] val accuracy: 0.81 (343 / 423), avg loss: 0.43, best epoch: 2 .
[Seq 3, Epoch 6] val accuracy: 0.81 (344 / 423), avg loss: 0.42, best epoch: 2 .
[Seq 3, Epoch 7] val accuracy: 0.82 (347 / 423), avg loss: 0.42, best epoch: 2 .
[Seq 3, Epoch 8] val accuracy: 0.82 (347 / 423), avg loss: 0.41, best epoch: 2 .
[Seq 3, Epoch 9] val accuracy: 0.82 (346 / 423), avg loss: 0.40, best epoch: 2 .
[Seq 3, Epoch 10] val accuracy: 0.83 (350 / 423), avg loss: 0.39, best epoch: 9 .
test accuracy: 0.792 (7183 / 9069).
Current test acc : 0.792, Best previous test acc : 0.792
!sample done!
!update history done!
[Seq 4, Epoch 1] val accuracy: 0.76 (323 / 423), avg loss: 0.50, best epoch: 0 .
[Seq 4, Epoch 2] val accuracy: 0.77 (326 / 423), avg loss: 0.48, best epoch: 1 .
[Seq 4, Epoch 3] val accuracy: 0.76 (323 / 423), avg loss: 0.47, best epoch: 1 .
[Seq 4, Epoch 4] val accuracy: 0.78 (330 / 423), avg loss: 0.47, best epoch: 3 .
[Seq 4, Epoch 5] val accuracy: 0.77 (325 / 423), avg loss: 0.46, best epoch: 3 .
[Seq 4, Epoch 6] val accuracy: 0.76 (323 / 423), avg loss: 0.46, best epoch: 3 .
[Seq 4, Epoch 7] val accuracy: 0.79 (333 / 423), avg loss: 0.45, best epoch: 6 .
[Seq 4, Epoch 8] val accuracy: 0.77 (327 / 423), avg loss: 0.44, best epoch: 6 .
[Seq 4, Epoch 9] val accuracy: 0.77 (326 / 423), avg loss: 0.43, best epoch: 6 .
[Seq 4, Epoch 10] val accuracy: 0.78 (328 / 423), avg loss: 0.42, best epoch: 6 .
test accuracy: 0.789 (7158 / 9069).
Current test acc : 0.789, Best previous test acc : 0.792
!sample done!
!update history done!
[Seq 5, Epoch 1] val accuracy: 0.78 (328 / 423), avg loss: 0.53, best epoch: 0 .
[Seq 5, Epoch 2] val accuracy: 0.77 (325 / 423), avg loss: 0.50, best epoch: 0 .
[Seq 5, Epoch 3] val accuracy: 0.77 (326 / 423), avg loss: 0.49, best epoch: 0 .
[Seq 5, Epoch 4] val accuracy: 0.77 (327 / 423), avg loss: 0.48, best epoch: 0 .
[Seq 5, Epoch 5] val accuracy: 0.78 (329 / 423), avg loss: 0.47, best epoch: 4 .
[Seq 5, Epoch 6] val accuracy: 0.77 (327 / 423), avg loss: 0.47, best epoch: 4 .
[Seq 5, Epoch 7] val accuracy: 0.77 (325 / 423), avg loss: 0.47, best epoch: 4 .
[Seq 5, Epoch 8] val accuracy: 0.77 (327 / 423), avg loss: 0.46, best epoch: 4 .
[Seq 5, Epoch 9] val accuracy: 0.78 (328 / 423), avg loss: 0.46, best epoch: 4 .
[Seq 5, Epoch 10] val accuracy: 0.78 (330 / 423), avg loss: 0.45, best epoch: 9 .
test accuracy: 0.786 (7130 / 9069).
Current test acc : 0.786, Best previous test acc : 0.792
!sample done!
!update history done!
Training time: 4372.250
Last Forgetting : 0.002
Last Intransigence : 0.049
test accuracy: 0.786 (7130 / 9069).
val accuracy: 0.789 (1669 / 2115).
