nohup: ignoring input(alpha = 0.1)
--------Train with SVRG replay--------
[Seq 1, Epoch 10] val accuracy: 0.74 (315 / 423), avg loss: 0.48 .
[Seq 1, Epoch 20] val accuracy: 0.76 (323 / 423), avg loss: 0.41 .
[Seq 1, Epoch 30] val accuracy: 0.79 (333 / 423), avg loss: 0.36 .
[Seq 1, Epoch 40] val accuracy: 0.78 (329 / 423), avg loss: 0.31 .
[Seq 1, Epoch 50] val accuracy: 0.78 (331 / 423), avg loss: 0.27 .
[Seq 1, Epoch 60] val accuracy: 0.79 (335 / 423), avg loss: 0.22 .
[Seq 1, Epoch 70] val accuracy: 0.79 (336 / 423), avg loss: 0.18 .
[Seq 1, Epoch 80] val accuracy: 0.80 (340 / 423), avg loss: 0.15 .
[Seq 1, Epoch 90] val accuracy: 0.80 (339 / 423), avg loss: 0.12 .
[Seq 1, Epoch 100] val accuracy: 0.81 (341 / 423), avg loss: 0.09 .
test accuracy: 0.779 (7068 / 9069).
Current test acc : 0.779, Best previous test acc : 0.779
!sample done!
!update history done!
[Seq 2, Epoch 10] val accuracy: 0.87 (368 / 423), avg loss: 0.35 .
[Seq 2, Epoch 20] val accuracy: 0.90 (379 / 423), avg loss: 0.42 .
[Seq 2, Epoch 30] val accuracy: 0.89 (377 / 423), avg loss: 0.70 .
[Seq 2, Epoch 40] val accuracy: 0.89 (377 / 423), avg loss: 4.75 .
