nohup: ignoring input(new E, min loss)
nohup: ignoring input
--------Train with SVRG replay--------
[Seq 1, Epoch 10] val accuracy: 0.75 (316 / 423), avg loss: 0.46, best epoch: 9 .
[Seq 1, Epoch 20] val accuracy: 0.75 (316 / 423), avg loss: 0.39, best epoch: 19 .
[Seq 1, Epoch 30] val accuracy: 0.75 (316 / 423), avg loss: 0.34, best epoch: 19 .
[Seq 1, Epoch 40] val accuracy: 0.75 (316 / 423), avg loss: 0.28, best epoch: 19 .
[Seq 1, Epoch 50] val accuracy: 0.75 (319 / 423), avg loss: 0.23, best epoch: 19 .
[Seq 1, Epoch 60] val accuracy: 0.76 (320 / 423), avg loss: 0.19, best epoch: 19 .
[Seq 1, Epoch 70] val accuracy: 0.75 (318 / 423), avg loss: 0.15, best epoch: 19 .
[Seq 1, Epoch 80] val accuracy: 0.75 (316 / 423), avg loss: 0.12, best epoch: 19 .
[Seq 1, Epoch 90] val accuracy: 0.76 (320 / 423), avg loss: 0.09, best epoch: 19 .
[Seq 1, Epoch 100] val accuracy: 0.75 (316 / 423), avg loss: 0.07, best epoch: 19 .
i finish
test accuracy: 0.758 (6878 / 9069).
Current test acc : 0.758, Best previous test acc : 0.758
!sample done!
!update history done!
[Seq 2, Epoch 1] val accuracy: 0.75 (316 / 423), avg loss: 0.52, best epoch: 0 .
[Seq 2, Epoch 2] val accuracy: 0.76 (321 / 423), avg loss: 0.50, best epoch: 1 .
[Seq 2, Epoch 3] val accuracy: 0.76 (322 / 423), avg loss: 0.50, best epoch: 2 .
[Seq 2, Epoch 4] val accuracy: 0.76 (320 / 423), avg loss: 0.49, best epoch: 2 .
[Seq 2, Epoch 5] val accuracy: 0.76 (320 / 423), avg loss: 0.49, best epoch: 4 .
[Seq 2, Epoch 6] val accuracy: 0.76 (321 / 423), avg loss: 0.49, best epoch: 4 .
[Seq 2, Epoch 7] val accuracy: 0.76 (322 / 423), avg loss: 0.47, best epoch: 4 .
[Seq 2, Epoch 8] val accuracy: 0.76 (321 / 423), avg loss: 0.47, best epoch: 7 .
[Seq 2, Epoch 9] val accuracy: 0.76 (322 / 423), avg loss: 0.47, best epoch: 8 .
[Seq 2, Epoch 10] val accuracy: 0.76 (322 / 423), avg loss: 0.46, best epoch: 8 .
i finish
test accuracy: 0.774 (7015 / 9069).
Current test acc : 0.774, Best previous test acc : 0.774
!sample done!
!update history done!
[Seq 3, Epoch 1] val accuracy: 0.79 (334 / 423), avg loss: 0.46, best epoch: 0 .
[Seq 3, Epoch 2] val accuracy: 0.79 (335 / 423), avg loss: 0.45, best epoch: 0 .
[Seq 3, Epoch 3] val accuracy: 0.79 (334 / 423), avg loss: 0.45, best epoch: 2 .
[Seq 3, Epoch 4] val accuracy: 0.80 (339 / 423), avg loss: 0.45, best epoch: 2 .
[Seq 3, Epoch 5] val accuracy: 0.79 (335 / 423), avg loss: 0.44, best epoch: 2 .
[Seq 3, Epoch 6] val accuracy: 0.79 (334 / 423), avg loss: 0.44, best epoch: 2 .
[Seq 3, Epoch 7] val accuracy: 0.81 (341 / 423), avg loss: 0.43, best epoch: 2 .
[Seq 3, Epoch 8] val accuracy: 0.80 (338 / 423), avg loss: 0.44, best epoch: 2 .
[Seq 3, Epoch 9] val accuracy: 0.80 (338 / 423), avg loss: 0.43, best epoch: 2 .
[Seq 3, Epoch 10] val accuracy: 0.80 (337 / 423), avg loss: 0.43, best epoch: 2 .
i finish
test accuracy: 0.772 (7001 / 9069).
Current test acc : 0.772, Best previous test acc : 0.774
!sample done!
!update history done!
[Seq 4, Epoch 1] val accuracy: 0.74 (314 / 423), avg loss: 0.52, best epoch: 0 .
[Seq 4, Epoch 2] val accuracy: 0.74 (315 / 423), avg loss: 0.51, best epoch: 0 .
[Seq 4, Epoch 3] val accuracy: 0.74 (313 / 423), avg loss: 0.51, best epoch: 2 .
[Seq 4, Epoch 4] val accuracy: 0.75 (317 / 423), avg loss: 0.51, best epoch: 2 .
[Seq 4, Epoch 5] val accuracy: 0.75 (318 / 423), avg loss: 0.51, best epoch: 2 .
[Seq 4, Epoch 6] val accuracy: 0.74 (315 / 423), avg loss: 0.50, best epoch: 2 .
[Seq 4, Epoch 7] val accuracy: 0.74 (315 / 423), avg loss: 0.50, best epoch: 2 .
[Seq 4, Epoch 8] val accuracy: 0.74 (314 / 423), avg loss: 0.50, best epoch: 2 .
[Seq 4, Epoch 9] val accuracy: 0.74 (314 / 423), avg loss: 0.50, best epoch: 2 .
[Seq 4, Epoch 10] val accuracy: 0.75 (318 / 423), avg loss: 0.50, best epoch: 2 .
i finish
test accuracy: 0.774 (7023 / 9069).
Current test acc : 0.774, Best previous test acc : 0.774
!sample done!
!update history done!
[Seq 5, Epoch 1] val accuracy: 0.75 (319 / 423), avg loss: 0.55, best epoch: 0 .
[Seq 5, Epoch 2] val accuracy: 0.76 (323 / 423), avg loss: 0.54, best epoch: 1 .
[Seq 5, Epoch 3] val accuracy: 0.77 (325 / 423), avg loss: 0.53, best epoch: 2 .
[Seq 5, Epoch 4] val accuracy: 0.76 (323 / 423), avg loss: 0.53, best epoch: 3 .
[Seq 5, Epoch 5] val accuracy: 0.76 (323 / 423), avg loss: 0.54, best epoch: 3 .
[Seq 5, Epoch 6] val accuracy: 0.77 (325 / 423), avg loss: 0.54, best epoch: 5 .
[Seq 5, Epoch 7] val accuracy: 0.76 (323 / 423), avg loss: 0.54, best epoch: 5 .
[Seq 5, Epoch 8] val accuracy: 0.76 (323 / 423), avg loss: 0.54, best epoch: 7 .
[Seq 5, Epoch 9] val accuracy: 0.76 (323 / 423), avg loss: 0.53, best epoch: 7 .
[Seq 5, Epoch 10] val accuracy: 0.77 (324 / 423), avg loss: 0.54, best epoch: 7 .
!sample done!
!update history done!
test accuracy: 0.795 (7212 / 9069).
Current test acc : 0.795, Best previous test acc : 0.795
Training time: 4538.093
Last Forgetting : 0.000
Last Intransigence : 0.059
test accuracy: 0.795 (7212 / 9069).
val accuracy: 0.798 (1687 / 2115).




nohup: ignoring input
--------Train with SVRG replay--------
[Seq 1, Epoch 10] val accuracy: 0.72 (306 / 423), avg loss: 0.47, best epoch: 9 .
[Seq 1, Epoch 20] val accuracy: 0.75 (318 / 423), avg loss: 0.40, best epoch: 19 .
[Seq 1, Epoch 30] val accuracy: 0.76 (321 / 423), avg loss: 0.36, best epoch: 24 .
[Seq 1, Epoch 40] val accuracy: 0.77 (326 / 423), avg loss: 0.30, best epoch: 39 .
[Seq 1, Epoch 50] val accuracy: 0.77 (324 / 423), avg loss: 0.26, best epoch: 44 .
[Seq 1, Epoch 60] val accuracy: 0.77 (324 / 423), avg loss: 0.21, best epoch: 44 .
[Seq 1, Epoch 70] val accuracy: 0.77 (325 / 423), avg loss: 0.18, best epoch: 44 .
[Seq 1, Epoch 80] val accuracy: 0.78 (329 / 423), avg loss: 0.14, best epoch: 44 .
[Seq 1, Epoch 90] val accuracy: 0.77 (325 / 423), avg loss: 0.11, best epoch: 44 .
[Seq 1, Epoch 100] val accuracy: 0.77 (325 / 423), avg loss: 0.09, best epoch: 44 .
i finish
test accuracy: 0.784 (7111 / 9069).
Current test acc : 0.784, Best previous test acc : 0.784
!sample done!
!update history done!
[Seq 2, Epoch 1] val accuracy: 0.74 (312 / 423), avg loss: 0.52, best epoch: 0 .
[Seq 2, Epoch 2] val accuracy: 0.75 (317 / 423), avg loss: 0.49, best epoch: 0 .
[Seq 2, Epoch 3] val accuracy: 0.74 (315 / 423), avg loss: 0.49, best epoch: 2 .
[Seq 2, Epoch 4] val accuracy: 0.76 (321 / 423), avg loss: 0.48, best epoch: 2 .
[Seq 2, Epoch 5] val accuracy: 0.75 (319 / 423), avg loss: 0.47, best epoch: 2 .
[Seq 2, Epoch 6] val accuracy: 0.75 (319 / 423), avg loss: 0.47, best epoch: 2 .
[Seq 2, Epoch 7] val accuracy: 0.75 (318 / 423), avg loss: 0.46, best epoch: 2 .
[Seq 2, Epoch 8] val accuracy: 0.76 (323 / 423), avg loss: 0.45, best epoch: 2 .
[Seq 2, Epoch 9] val accuracy: 0.78 (328 / 423), avg loss: 0.44, best epoch: 2 .
[Seq 2, Epoch 10] val accuracy: 0.76 (322 / 423), avg loss: 0.44, best epoch: 2 .
[Seq 2, Epoch 11] val accuracy: 0.75 (319 / 423), avg loss: 0.43, best epoch: 10 .
[Seq 2, Epoch 12] val accuracy: 0.75 (316 / 423), avg loss: 0.43, best epoch: 10 .
[Seq 2, Epoch 13] val accuracy: 0.76 (322 / 423), avg loss: 0.43, best epoch: 12 .
[Seq 2, Epoch 14] val accuracy: 0.76 (322 / 423), avg loss: 0.42, best epoch: 12 .
[Seq 2, Epoch 15] val accuracy: 0.76 (321 / 423), avg loss: 0.41, best epoch: 12 .
[Seq 2, Epoch 16] val accuracy: 0.78 (328 / 423), avg loss: 0.41, best epoch: 12 .
[Seq 2, Epoch 17] val accuracy: 0.76 (321 / 423), avg loss: 0.41, best epoch: 12 .
[Seq 2, Epoch 18] val accuracy: 0.77 (324 / 423), avg loss: 0.40, best epoch: 12 .
[Seq 2, Epoch 19] val accuracy: 0.76 (323 / 423), avg loss: 0.39, best epoch: 12 .
[Seq 2, Epoch 20] val accuracy: 0.78 (328 / 423), avg loss: 0.39, best epoch: 12 .
[Seq 2, Epoch 21] val accuracy: 0.77 (326 / 423), avg loss: 0.38, best epoch: 12 .
[Seq 2, Epoch 22] val accuracy: 0.78 (329 / 423), avg loss: 0.39, best epoch: 12 .
[Seq 2, Epoch 23] val accuracy: 0.77 (326 / 423), avg loss: 0.38, best epoch: 12 .
[Seq 2, Epoch 24] val accuracy: 0.78 (328 / 423), avg loss: 0.38, best epoch: 12 .
[Seq 2, Epoch 25] val accuracy: 0.78 (328 / 423), avg loss: 0.37, best epoch: 12 .
[Seq 2, Epoch 26] val accuracy: 0.76 (322 / 423), avg loss: 0.38, best epoch: 12 .
[Seq 2, Epoch 27] val accuracy: 0.78 (330 / 423), avg loss: 0.37, best epoch: 12 .
[Seq 2, Epoch 28] val accuracy: 0.76 (323 / 423), avg loss: 0.36, best epoch: 12 .
[Seq 2, Epoch 29] val accuracy: 0.77 (326 / 423), avg loss: 0.36, best epoch: 12 .
[Seq 2, Epoch 30] val accuracy: 0.78 (328 / 423), avg loss: 0.36, best epoch: 12 .
i finish
test accuracy: 0.785 (7116 / 9069).
Current test acc : 0.785, Best previous test acc : 0.785
!sample done!
!update history done!
[Seq 3, Epoch 1] val accuracy: 0.79 (334 / 423), avg loss: 0.46, best epoch: 0 .
[Seq 3, Epoch 2] val accuracy: 0.80 (338 / 423), avg loss: 0.46, best epoch: 1 .
[Seq 3, Epoch 3] val accuracy: 0.80 (339 / 423), avg loss: 0.45, best epoch: 1 .
[Seq 3, Epoch 4] val accuracy: 0.79 (336 / 423), avg loss: 0.44, best epoch: 1 .
[Seq 3, Epoch 5] val accuracy: 0.80 (340 / 423), avg loss: 0.44, best epoch: 1 .
[Seq 3, Epoch 6] val accuracy: 0.80 (339 / 423), avg loss: 0.44, best epoch: 1 .
[Seq 3, Epoch 7] val accuracy: 0.80 (338 / 423), avg loss: 0.43, best epoch: 1 .
[Seq 3, Epoch 8] val accuracy: 0.79 (335 / 423), avg loss: 0.43, best epoch: 7 .
[Seq 3, Epoch 9] val accuracy: 0.80 (340 / 423), avg loss: 0.43, best epoch: 7 .
[Seq 3, Epoch 10] val accuracy: 0.81 (343 / 423), avg loss: 0.42, best epoch: 7 .
[Seq 3, Epoch 11] val accuracy: 0.80 (339 / 423), avg loss: 0.41, best epoch: 7 .
[Seq 3, Epoch 12] val accuracy: 0.81 (344 / 423), avg loss: 0.42, best epoch: 7 .
[Seq 3, Epoch 13] val accuracy: 0.80 (339 / 423), avg loss: 0.41, best epoch: 7 .
[Seq 3, Epoch 14] val accuracy: 0.81 (342 / 423), avg loss: 0.41, best epoch: 7 .
[Seq 3, Epoch 15] val accuracy: 0.81 (343 / 423), avg loss: 0.41, best epoch: 7 .
[Seq 3, Epoch 16] val accuracy: 0.81 (341 / 423), avg loss: 0.41, best epoch: 7 .
[Seq 3, Epoch 17] val accuracy: 0.79 (334 / 423), avg loss: 0.40, best epoch: 7 .
[Seq 3, Epoch 18] val accuracy: 0.81 (343 / 423), avg loss: 0.40, best epoch: 7 .
[Seq 3, Epoch 19] val accuracy: 0.81 (341 / 423), avg loss: 0.40, best epoch: 7 .
[Seq 3, Epoch 20] val accuracy: 0.81 (342 / 423), avg loss: 0.39, best epoch: 7 .
[Seq 3, Epoch 21] val accuracy: 0.82 (346 / 423), avg loss: 0.39, best epoch: 7 .
[Seq 3, Epoch 22] val accuracy: 0.80 (339 / 423), avg loss: 0.39, best epoch: 7 .
[Seq 3, Epoch 23] val accuracy: 0.81 (342 / 423), avg loss: 0.39, best epoch: 7 .
[Seq 3, Epoch 24] val accuracy: 0.81 (342 / 423), avg loss: 0.38, best epoch: 7 .
[Seq 3, Epoch 25] val accuracy: 0.81 (344 / 423), avg loss: 0.38, best epoch: 7 .
[Seq 3, Epoch 26] val accuracy: 0.82 (345 / 423), avg loss: 0.38, best epoch: 7 .
[Seq 3, Epoch 27] val accuracy: 0.81 (344 / 423), avg loss: 0.38, best epoch: 7 .
[Seq 3, Epoch 28] val accuracy: 0.81 (344 / 423), avg loss: 0.38, best epoch: 7 .
[Seq 3, Epoch 29] val accuracy: 0.82 (346 / 423), avg loss: 0.38, best epoch: 7 .
[Seq 3, Epoch 30] val accuracy: 0.81 (344 / 423), avg loss: 0.37, best epoch: 7 .
i finish
test accuracy: 0.781 (7086 / 9069).
Current test acc : 0.781, Best previous test acc : 0.785
!sample done!
!update history done!
[Seq 4, Epoch 1] val accuracy: 0.79 (336 / 423), avg loss: 0.52, best epoch: 0 .
[Seq 4, Epoch 2] val accuracy: 0.79 (336 / 423), avg loss: 0.52, best epoch: 1 .
[Seq 4, Epoch 3] val accuracy: 0.80 (340 / 423), avg loss: 0.52, best epoch: 1 .
[Seq 4, Epoch 4] val accuracy: 0.80 (338 / 423), avg loss: 0.51, best epoch: 1 .
[Seq 4, Epoch 5] val accuracy: 0.81 (341 / 423), avg loss: 0.51, best epoch: 1 .
[Seq 4, Epoch 6] val accuracy: 0.80 (338 / 423), avg loss: 0.50, best epoch: 1 .
[Seq 4, Epoch 7] val accuracy: 0.80 (337 / 423), avg loss: 0.50, best epoch: 1 .
[Seq 4, Epoch 8] val accuracy: 0.80 (337 / 423), avg loss: 0.50, best epoch: 1 .
[Seq 4, Epoch 9] val accuracy: 0.79 (336 / 423), avg loss: 0.50, best epoch: 1 .
[Seq 4, Epoch 10] val accuracy: 0.80 (339 / 423), avg loss: 0.50, best epoch: 1 .
[Seq 4, Epoch 11] val accuracy: 0.80 (337 / 423), avg loss: 0.49, best epoch: 1 .
[Seq 4, Epoch 12] val accuracy: 0.79 (334 / 423), avg loss: 0.49, best epoch: 1 .
[Seq 4, Epoch 13] val accuracy: 0.79 (336 / 423), avg loss: 0.50, best epoch: 1 .
[Seq 4, Epoch 14] val accuracy: 0.79 (333 / 423), avg loss: 0.49, best epoch: 1 .
[Seq 4, Epoch 15] val accuracy: 0.79 (334 / 423), avg loss: 0.49, best epoch: 1 .
[Seq 4, Epoch 16] val accuracy: 0.80 (338 / 423), avg loss: 0.49, best epoch: 1 .
[Seq 4, Epoch 17] val accuracy: 0.80 (339 / 423), avg loss: 0.49, best epoch: 1 .
[Seq 4, Epoch 18] val accuracy: 0.79 (336 / 423), avg loss: 0.48, best epoch: 1 .
[Seq 4, Epoch 19] val accuracy: 0.79 (334 / 423), avg loss: 0.48, best epoch: 1 .
[Seq 4, Epoch 20] val accuracy: 0.78 (332 / 423), avg loss: 0.48, best epoch: 1 .
[Seq 4, Epoch 21] val accuracy: 0.79 (335 / 423), avg loss: 0.48, best epoch: 1 .
[Seq 4, Epoch 22] val accuracy: 0.79 (334 / 423), avg loss: 0.48, best epoch: 1 .
[Seq 4, Epoch 23] val accuracy: 0.79 (333 / 423), avg loss: 0.47, best epoch: 1 .
[Seq 4, Epoch 24] val accuracy: 0.80 (337 / 423), avg loss: 0.48, best epoch: 1 .
