nohup: ignoring input
--------Train with SVRG replay--------
[Seq 1, Epoch 10] val accuracy: 0.78 (329 / 423), avg loss: 0.47, best epoch: 9 .
[Seq 1, Epoch 20] val accuracy: 0.78 (329 / 423), avg loss: 0.41, best epoch: 14 .
[Seq 1, Epoch 30] val accuracy: 0.78 (330 / 423), avg loss: 0.36, best epoch: 24 .
[Seq 1, Epoch 40] val accuracy: 0.79 (335 / 423), avg loss: 0.31, best epoch: 39 .
[Seq 1, Epoch 50] val accuracy: 0.78 (331 / 423), avg loss: 0.26, best epoch: 39 .
[Seq 1, Epoch 60] val accuracy: 0.78 (330 / 423), avg loss: 0.22, best epoch: 39 .
[Seq 1, Epoch 70] val accuracy: 0.78 (328 / 423), avg loss: 0.18, best epoch: 39 .
[Seq 1, Epoch 80] val accuracy: 0.76 (322 / 423), avg loss: 0.15, best epoch: 39 .
[Seq 1, Epoch 90] val accuracy: 0.77 (326 / 423), avg loss: 0.12, best epoch: 39 .
[Seq 1, Epoch 100] val accuracy: 0.76 (323 / 423), avg loss: 0.10, best epoch: 39 .
test accuracy: 0.775 (7024 / 9069).
Current test acc : 0.775, Best previous test acc : 0.775
!sample done!
!update history done!
[Seq 2, Epoch 1] val accuracy: 0.78 (329 / 423), avg loss: 0.51, best epoch: 0 .
[Seq 2, Epoch 2] val accuracy: 0.77 (327 / 423), avg loss: 0.50, best epoch: 0 .
[Seq 2, Epoch 3] val accuracy: 0.77 (326 / 423), avg loss: 0.49, best epoch: 0 .
[Seq 2, Epoch 4] val accuracy: 0.77 (324 / 423), avg loss: 0.48, best epoch: 0 .
[Seq 2, Epoch 5] val accuracy: 0.76 (320 / 423), avg loss: 0.48, best epoch: 0 .
[Seq 2, Epoch 6] val accuracy: 0.74 (312 / 423), avg loss: 0.48, best epoch: 0 .
[Seq 2, Epoch 7] val accuracy: 0.73 (308 / 423), avg loss: 0.47, best epoch: 0 .
[Seq 2, Epoch 8] val accuracy: 0.71 (300 / 423), avg loss: 0.47, best epoch: 0 .
[Seq 2, Epoch 9] val accuracy: 0.68 (287 / 423), avg loss: 0.47, best epoch: 0 .
[Seq 2, Epoch 10] val accuracy: 0.58 (246 / 423), avg loss: 0.47, best epoch: 0 .
test accuracy: 0.768 (6961 / 9069).
Current test acc : 0.768, Best previous test acc : 0.775
!sample done!
!update history done!
[Seq 3, Epoch 1] val accuracy: 0.79 (336 / 423), avg loss: 0.46, best epoch: 0 .
[Seq 3, Epoch 2] val accuracy: 0.79 (335 / 423), avg loss: 0.45, best epoch: 0 .
[Seq 3, Epoch 3] val accuracy: 0.79 (333 / 423), avg loss: 0.45, best epoch: 0 .
[Seq 3, Epoch 4] val accuracy: 0.78 (328 / 423), avg loss: 0.44, best epoch: 0 .
[Seq 3, Epoch 5] val accuracy: 0.76 (323 / 423), avg loss: 0.45, best epoch: 0 .
[Seq 3, Epoch 6] val accuracy: 0.74 (313 / 423), avg loss: 0.44, best epoch: 0 .
[Seq 3, Epoch 7] val accuracy: 0.69 (293 / 423), avg loss: 0.44, best epoch: 0 .
[Seq 3, Epoch 8] val accuracy: 0.62 (263 / 423), avg loss: 0.44, best epoch: 0 .
[Seq 3, Epoch 9] val accuracy: 0.47 (199 / 423), avg loss: 0.46, best epoch: 0 .
[Seq 3, Epoch 10] val accuracy: 0.25 (106 / 423), avg loss: 0.48, best epoch: 0 .
test accuracy: 0.776 (7036 / 9069).
Current test acc : 0.776, Best previous test acc : 0.776
!sample done!
!update history done!
[Seq 4, Epoch 1] val accuracy: 0.78 (329 / 423), avg loss: 0.51, best epoch: 0 .
[Seq 4, Epoch 2] val accuracy: 0.77 (326 / 423), avg loss: 0.50, best epoch: 0 .
[Seq 4, Epoch 3] val accuracy: 0.77 (325 / 423), avg loss: 0.50, best epoch: 0 .
[Seq 4, Epoch 4] val accuracy: 0.74 (315 / 423), avg loss: 0.50, best epoch: 0 .
[Seq 4, Epoch 5] val accuracy: 0.73 (310 / 423), avg loss: 0.50, best epoch: 0 .
[Seq 4, Epoch 6] val accuracy: 0.72 (303 / 423), avg loss: 0.49, best epoch: 0 .
[Seq 4, Epoch 7] val accuracy: 0.71 (301 / 423), avg loss: 0.49, best epoch: 0 .
[Seq 4, Epoch 8] val accuracy: 0.67 (285 / 423), avg loss: 0.49, best epoch: 0 .
[Seq 4, Epoch 9] val accuracy: 0.63 (268 / 423), avg loss: 0.50, best epoch: 0 .
[Seq 4, Epoch 10] val accuracy: 0.53 (224 / 423), avg loss: 0.50, best epoch: 0 .
test accuracy: 0.781 (7080 / 9069).
Current test acc : 0.781, Best previous test acc : 0.781
!sample done!
!update history done!
[Seq 5, Epoch 1] val accuracy: 0.81 (344 / 423), avg loss: 0.58, best epoch: 0 .
[Seq 5, Epoch 2] val accuracy: 0.80 (337 / 423), avg loss: 0.56, best epoch: 0 .
[Seq 5, Epoch 3] val accuracy: 0.76 (323 / 423), avg loss: 0.57, best epoch: 0 .
[Seq 5, Epoch 4] val accuracy: 0.73 (309 / 423), avg loss: 0.58, best epoch: 0 .
[Seq 5, Epoch 5] val accuracy: 0.69 (293 / 423), avg loss: 0.60, best epoch: 0 .
[Seq 5, Epoch 6] val accuracy: 0.60 (254 / 423), avg loss: 0.61, best epoch: 0 .
[Seq 5, Epoch 7] val accuracy: 0.52 (221 / 423), avg loss: 0.63, best epoch: 0 .
[Seq 5, Epoch 8] val accuracy: 0.44 (187 / 423), avg loss: 0.67, best epoch: 0 .
[Seq 5, Epoch 9] val accuracy: 0.38 (162 / 423), avg loss: 0.74, best epoch: 0 .
[Seq 5, Epoch 10] val accuracy: 0.37 (156 / 423), avg loss: 0.80, best epoch: 0 .
test accuracy: 0.791 (7170 / 9069).
Current test acc : 0.791, Best previous test acc : 0.791
!sample done!
!update history done!
Training time: 4324.724
Last Forgetting : 0.001
Last Intransigence : 0.056
test accuracy: 0.800 (7257 / 9069).
val accuracy: 0.809 (1712 / 2115).





nohup: ignoring input(change order)
--------Train with SVRG replay--------
[Seq 1, Epoch 10] val accuracy: 0.75 (317 / 423), avg loss: 0.48, best epoch: 9 .
[Seq 1, Epoch 20] val accuracy: 0.76 (323 / 423), avg loss: 0.41, best epoch: 14 .
[Seq 1, Epoch 30] val accuracy: 0.77 (325 / 423), avg loss: 0.36, best epoch: 24 .
[Seq 1, Epoch 40] val accuracy: 0.77 (327 / 423), avg loss: 0.30, best epoch: 24 .
[Seq 1, Epoch 50] val accuracy: 0.78 (328 / 423), avg loss: 0.26, best epoch: 24 .
[Seq 1, Epoch 60] val accuracy: 0.77 (325 / 423), avg loss: 0.21, best epoch: 24 .
[Seq 1, Epoch 70] val accuracy: 0.77 (326 / 423), avg loss: 0.17, best epoch: 64 .
[Seq 1, Epoch 80] val accuracy: 0.77 (324 / 423), avg loss: 0.13, best epoch: 64 .
[Seq 1, Epoch 90] val accuracy: 0.76 (320 / 423), avg loss: 0.11, best epoch: 64 .
[Seq 1, Epoch 100] val accuracy: 0.76 (322 / 423), avg loss: 0.09, best epoch: 64 .
!sample done!
!update history done!
test accuracy: 0.786 (7127 / 9069).
Current test acc : 0.786, Best previous test acc : 0.786
[Seq 2, Epoch 1] val accuracy: 0.76 (321 / 423), avg loss: 0.55, best epoch: 0 .
[Seq 2, Epoch 2] val accuracy: 0.76 (322 / 423), avg loss: 0.51, best epoch: 1 .
[Seq 2, Epoch 3] val accuracy: 0.76 (320 / 423), avg loss: 0.50, best epoch: 1 .
[Seq 2, Epoch 4] val accuracy: 0.77 (326 / 423), avg loss: 0.49, best epoch: 3 .
[Seq 2, Epoch 5] val accuracy: 0.76 (320 / 423), avg loss: 0.48, best epoch: 3 .
[Seq 2, Epoch 6] val accuracy: 0.74 (314 / 423), avg loss: 0.47, best epoch: 3 .
[Seq 2, Epoch 7] val accuracy: 0.73 (308 / 423), avg loss: 0.47, best epoch: 3 .
[Seq 2, Epoch 8] val accuracy: 0.70 (294 / 423), avg loss: 0.46, best epoch: 3 .
[Seq 2, Epoch 9] val accuracy: 0.64 (269 / 423), avg loss: 0.46, best epoch: 3 .
[Seq 2, Epoch 10] val accuracy: 0.55 (232 / 423), avg loss: 0.46, best epoch: 3 .
!sample done!
!update history done!
test accuracy: 0.760 (6889 / 9069).
Current test acc : 0.760, Best previous test acc : 0.786
[Seq 3, Epoch 1] val accuracy: 0.74 (311 / 423), avg loss: 0.47, best epoch: 0 .
[Seq 3, Epoch 2] val accuracy: 0.65 (276 / 423), avg loss: 0.46, best epoch: 0 .
[Seq 3, Epoch 3] val accuracy: 0.51 (216 / 423), avg loss: 0.46, best epoch: 0 .
[Seq 3, Epoch 4] val accuracy: 0.24 (100 / 423), avg loss: 0.47, best epoch: 0 .
[Seq 3, Epoch 5] val accuracy: 0.13 (56 / 423), avg loss: 0.52, best epoch: 0 .
[Seq 3, Epoch 6] val accuracy: 0.13 (56 / 423), avg loss: 0.56, best epoch: 0 .
[Seq 3, Epoch 7] val accuracy: 0.13 (56 / 423), avg loss: 0.67, best epoch: 0 .
[Seq 3, Epoch 8] val accuracy: 0.13 (56 / 423), avg loss: 0.73, best epoch: 0 .
[Seq 3, Epoch 9] val accuracy: 0.13 (56 / 423), avg loss: 0.83, best epoch: 0 .
[Seq 3, Epoch 10] val accuracy: 0.13 (56 / 423), avg loss: 1.03, best epoch: 0 .
!sample done!
!update history done!
test accuracy: 0.770 (6982 / 9069).
Current test acc : 0.770, Best previous test acc : 0.786
[Seq 4, Epoch 1] val accuracy: 0.67 (285 / 423), avg loss: 0.52, best epoch: 0 .
[Seq 4, Epoch 2] val accuracy: 0.59 (250 / 423), avg loss: 0.52, best epoch: 0 .
[Seq 4, Epoch 3] val accuracy: 0.38 (162 / 423), avg loss: 0.51, best epoch: 0 .
[Seq 4, Epoch 4] val accuracy: 0.25 (105 / 423), avg loss: 0.53, best epoch: 0 .
[Seq 4, Epoch 5] val accuracy: 0.25 (104 / 423), avg loss: 0.57, best epoch: 0 .
[Seq 4, Epoch 6] val accuracy: 0.25 (104 / 423), avg loss: 0.67, best epoch: 0 .
[Seq 4, Epoch 7] val accuracy: 0.25 (104 / 423), avg loss: 0.71, best epoch: 0 .
[Seq 4, Epoch 8] val accuracy: 0.25 (104 / 423), avg loss: 0.82, best epoch: 0 .
[Seq 4, Epoch 9] val accuracy: 0.25 (104 / 423), avg loss: 1.03, best epoch: 0 .
[Seq 4, Epoch 10] val accuracy: 0.25 (104 / 423), avg loss: 3.56, best epoch: 0 .
!sample done!
!update history done!
test accuracy: 0.785 (7122 / 9069).
Current test acc : 0.785, Best previous test acc : 0.786
[Seq 5, Epoch 1] val accuracy: 0.78 (328 / 423), avg loss: 0.62, best epoch: 0 .
[Seq 5, Epoch 2] val accuracy: 0.78 (330 / 423), avg loss: 0.59, best epoch: 1 .
[Seq 5, Epoch 3] val accuracy: 0.78 (329 / 423), avg loss: 0.59, best epoch: 1 .
[Seq 5, Epoch 4] val accuracy: 0.76 (321 / 423), avg loss: 0.59, best epoch: 1 .
[Seq 5, Epoch 5] val accuracy: 0.69 (291 / 423), avg loss: 0.58, best epoch: 1 .
[Seq 5, Epoch 6] val accuracy: 0.67 (284 / 423), avg loss: 0.59, best epoch: 1 .
[Seq 5, Epoch 7] val accuracy: 0.67 (283 / 423), avg loss: 0.63, best epoch: 1 .
[Seq 5, Epoch 8] val accuracy: 0.67 (282 / 423), avg loss: 0.64, best epoch: 1 .
[Seq 5, Epoch 9] val accuracy: 0.67 (282 / 423), avg loss: 0.69, best epoch: 1 .
[Seq 5, Epoch 10] val accuracy: 0.67 (282 / 423), avg loss: 0.87, best epoch: 1 .
!sample done!
!update history done!
test accuracy: 0.802 (7277 / 9069).
Current test acc : 0.802, Best previous test acc : 0.802
Training time: 4579.664
Last Forgetting : 0.009
Last Intransigence : 0.053
test accuracy: 0.802 (7277 / 9069).
val accuracy: 0.796 (1683 / 2115).





nohup: ignoring input(modify order)
--------Train with SVRG replay--------
[Seq 1, Epoch 10] val accuracy: 0.76 (322 / 423), avg loss: 0.48, best epoch: 9 .
[Seq 1, Epoch 20] val accuracy: 0.78 (328 / 423), avg loss: 0.41, best epoch: 19 .
[Seq 1, Epoch 30] val accuracy: 0.78 (331 / 423), avg loss: 0.36, best epoch: 29 .
[Seq 1, Epoch 40] val accuracy: 0.80 (337 / 423), avg loss: 0.30, best epoch: 39 .
[Seq 1, Epoch 50] val accuracy: 0.79 (336 / 423), avg loss: 0.25, best epoch: 39 .
[Seq 1, Epoch 60] val accuracy: 0.80 (339 / 423), avg loss: 0.21, best epoch: 59 .
[Seq 1, Epoch 70] val accuracy: 0.79 (335 / 423), avg loss: 0.17, best epoch: 59 .
[Seq 1, Epoch 80] val accuracy: 0.79 (336 / 423), avg loss: 0.14, best epoch: 59 .
[Seq 1, Epoch 90] val accuracy: 0.79 (334 / 423), avg loss: 0.11, best epoch: 59 .
[Seq 1, Epoch 100] val accuracy: 0.79 (333 / 423), avg loss: 0.08, best epoch: 59 .
test accuracy: 0.787 (7133 / 9069).
Current test acc : 0.787, Best previous test acc : 0.787
!sample done!
!update history done!
[Seq 2, Epoch 1] val accuracy: 0.77 (325 / 423), avg loss: 0.53, best epoch: 0 .
[Seq 2, Epoch 2] val accuracy: 0.75 (319 / 423), avg loss: 0.51, best epoch: 0 .
[Seq 2, Epoch 3] val accuracy: 0.75 (319 / 423), avg loss: 0.50, best epoch: 0 .
[Seq 2, Epoch 4] val accuracy: 0.74 (313 / 423), avg loss: 0.48, best epoch: 0 .
[Seq 2, Epoch 5] val accuracy: 0.68 (287 / 423), avg loss: 0.47, best epoch: 0 .
[Seq 2, Epoch 6] val accuracy: 0.67 (283 / 423), avg loss: 0.47, best epoch: 0 .
[Seq 2, Epoch 7] val accuracy: 0.63 (267 / 423), avg loss: 0.47, best epoch: 0 .
[Seq 2, Epoch 8] val accuracy: 0.52 (220 / 423), avg loss: 0.48, best epoch: 0 .
[Seq 2, Epoch 9] val accuracy: 0.41 (175 / 423), avg loss: 0.48, best epoch: 0 .
[Seq 2, Epoch 10] val accuracy: 0.21 (90 / 423), avg loss: 0.51, best epoch: 0 .
test accuracy: 0.774 (7017 / 9069).
Current test acc : 0.774, Best previous test acc : 0.787
!sample done!
!update history done!
[Seq 3, Epoch 1] val accuracy: 0.81 (342 / 423), avg loss: 0.49, best epoch: 0 .
[Seq 3, Epoch 2] val accuracy: 0.81 (341 / 423), avg loss: 0.48, best epoch: 0 .
[Seq 3, Epoch 3] val accuracy: 0.80 (340 / 423), avg loss: 0.47, best epoch: 0 .
[Seq 3, Epoch 4] val accuracy: 0.78 (331 / 423), avg loss: 0.46, best epoch: 0 .
[Seq 3, Epoch 5] val accuracy: 0.76 (323 / 423), avg loss: 0.46, best epoch: 0 .
[Seq 3, Epoch 6] val accuracy: 0.75 (319 / 423), avg loss: 0.45, best epoch: 0 .
[Seq 3, Epoch 7] val accuracy: 0.69 (290 / 423), avg loss: 0.45, best epoch: 0 .
[Seq 3, Epoch 8] val accuracy: 0.58 (244 / 423), avg loss: 0.45, best epoch: 0 .
[Seq 3, Epoch 9] val accuracy: 0.35 (150 / 423), avg loss: 0.46, best epoch: 0 .
[Seq 3, Epoch 10] val accuracy: 0.17 (71 / 423), avg loss: 0.49, best epoch: 0 .
test accuracy: 0.782 (7088 / 9069).
Current test acc : 0.782, Best previous test acc : 0.787
!sample done!
!update history done!
[Seq 4, Epoch 1] val accuracy: 0.78 (330 / 423), avg loss: 0.54, best epoch: 0 .
[Seq 4, Epoch 2] val accuracy: 0.78 (328 / 423), avg loss: 0.53, best epoch: 0 .
[Seq 4, Epoch 3] val accuracy: 0.78 (328 / 423), avg loss: 0.52, best epoch: 0 .
[Seq 4, Epoch 4] val accuracy: 0.77 (325 / 423), avg loss: 0.52, best epoch: 0 .
[Seq 4, Epoch 5] val accuracy: 0.74 (315 / 423), avg loss: 0.52, best epoch: 0 .
[Seq 4, Epoch 6] val accuracy: 0.71 (302 / 423), avg loss: 0.51, best epoch: 0 .
[Seq 4, Epoch 7] val accuracy: 0.62 (262 / 423), avg loss: 0.51, best epoch: 0 .
[Seq 4, Epoch 8] val accuracy: 0.44 (186 / 423), avg loss: 0.52, best epoch: 0 .
[Seq 4, Epoch 9] val accuracy: 0.24 (102 / 423), avg loss: 0.53, best epoch: 0 .
[Seq 4, Epoch 10] val accuracy: 0.22 (94 / 423), avg loss: 0.59, best epoch: 0 .
test accuracy: 0.785 (7121 / 9069).
Current test acc : 0.785, Best previous test acc : 0.787
!sample done!
!update history done!
[Seq 5, Epoch 1] val accuracy: 0.76 (320 / 423), avg loss: 0.60, best epoch: 0 .
[Seq 5, Epoch 2] val accuracy: 0.72 (305 / 423), avg loss: 0.59, best epoch: 0 .
[Seq 5, Epoch 3] val accuracy: 0.69 (290 / 423), avg loss: 0.59, best epoch: 0 .
[Seq 5, Epoch 4] val accuracy: 0.59 (249 / 423), avg loss: 0.60, best epoch: 0 .
[Seq 5, Epoch 5] val accuracy: 0.51 (214 / 423), avg loss: 0.62, best epoch: 0 .
[Seq 5, Epoch 6] val accuracy: 0.38 (160 / 423), avg loss: 0.67, best epoch: 0 .
[Seq 5, Epoch 7] val accuracy: 0.35 (150 / 423), avg loss: 0.74, best epoch: 0 .
[Seq 5, Epoch 8] val accuracy: 0.35 (147 / 423), avg loss: 0.81, best epoch: 0 .
[Seq 5, Epoch 9] val accuracy: 0.35 (147 / 423), avg loss: 0.93, best epoch: 0 .
[Seq 5, Epoch 10] val accuracy: 0.35 (147 / 423), avg loss: 1.11, best epoch: 0 .
!sample done!
!update history done!
test accuracy: 0.800 (7253 / 9069).
Current test acc : 0.800, Best previous test acc : 0.800
Training time: 4324.222
Last Forgetting : 0.004
Last Intransigence : 0.049
test accuracy: 0.800 (7253 / 9069).
val accuracy: 0.809 (1711 / 2115).







