nohup: ignoring input(0.001, 10, 0.9, alpha=0.5)
--------Train with SVRG replay--------
[Seq 1, Epoch 10] val accuracy: 0.74 (313 / 423), avg loss: 0.47 .
[Seq 1, Epoch 20] val accuracy: 0.75 (319 / 423), avg loss: 0.41 .
[Seq 1, Epoch 30] val accuracy: 0.76 (323 / 423), avg loss: 0.36 .
[Seq 1, Epoch 40] val accuracy: 0.77 (325 / 423), avg loss: 0.32 .
[Seq 1, Epoch 50] val accuracy: 0.78 (332 / 423), avg loss: 0.28 .
[Seq 1, Epoch 60] val accuracy: 0.76 (321 / 423), avg loss: 0.25 .
[Seq 1, Epoch 70] val accuracy: 0.74 (312 / 423), avg loss: 0.22 .
[Seq 1, Epoch 80] val accuracy: 0.77 (327 / 423), avg loss: 0.19 .
[Seq 1, Epoch 90] val accuracy: 0.77 (325 / 423), avg loss: 0.17 .
!!!Early Stop!!!
test accuracy: 0.780 (7074 / 9069).
Current test acc : 0.780, Best previous test acc : 0.780
!sample done!
!update history done!
[Seq 2, Epoch 10] val accuracy: 0.67 (454 / 679), avg loss: 0.43 .
[Seq 2, Epoch 20] val accuracy: 0.69 (470 / 679), avg loss: 0.46 .
[Seq 2, Epoch 30] val accuracy: 0.65 (438 / 679), avg loss: 0.45 .
[Seq 2, Epoch 40] val accuracy: 0.54 (366 / 679), avg loss: 0.46 .
!!!Early Stop!!!
test accuracy: 0.762 (6915 / 9069).
Current test acc : 0.762, Best previous test acc : 0.780
!sample done!
!update history done!
[Seq 3, Epoch 10] val accuracy: 0.68 (459 / 679), avg loss: 0.43 .
[Seq 3, Epoch 20] val accuracy: 0.64 (434 / 679), avg loss: 0.45 .
!!!Early Stop!!!
test accuracy: 0.727 (6596 / 9069).
Current test acc : 0.727, Best previous test acc : 0.780
!sample done!
!update history done!
[Seq 4, Epoch 10] val accuracy: 0.72 (486 / 679), avg loss: 0.56 .
[Seq 4, Epoch 20] val accuracy: 0.75 (506 / 679), avg loss: 0.56 .
[Seq 4, Epoch 30] val accuracy: 0.74 (500 / 679), avg loss: 0.62 .
[Seq 4, Epoch 40] val accuracy: 0.66 (449 / 679), avg loss: 0.66 .
[Seq 4, Epoch 50] val accuracy: 0.70 (472 / 679), avg loss: 0.81 .
[Seq 4, Epoch 60] val accuracy: 0.71 (481 / 679), avg loss: 0.77 .
[Seq 4, Epoch 70] val accuracy: 0.67 (454 / 679), avg loss: 0.70 .
!!!Early Stop!!!
test accuracy: 0.724 (6565 / 9069).
Current test acc : 0.724, Best previous test acc : 0.780
!sample done!
!update history done!
[Seq 5, Epoch 10] val accuracy: 0.38 (257 / 679), avg loss: 1.40 .
[Seq 5, Epoch 20] val accuracy: 0.37 (254 / 679), avg loss: 1.63 .
[Seq 5, Epoch 30] val accuracy: 0.38 (257 / 679), avg loss: 1.77 .
[Seq 5, Epoch 40] val accuracy: 0.37 (250 / 679), avg loss: 1.09 .
[Seq 5, Epoch 50] val accuracy: 0.37 (250 / 679), avg loss: 1.54 .
[Seq 5, Epoch 60] val accuracy: 0.37 (250 / 679), avg loss: 2.12 .
[Seq 5, Epoch 70] val accuracy: 0.38 (256 / 679), avg loss: 2.76 .
[Seq 5, Epoch 80] val accuracy: 0.37 (251 / 679), avg loss: 3.39 .
[Seq 5, Epoch 90] val accuracy: 0.37 (250 / 679), avg loss: 4.28 .
[Seq 5, Epoch 100] val accuracy: 0.37 (250 / 679), avg loss: 5.12 .
test accuracy: 0.641 (5816 / 9069).
Current test acc : 0.641, Best previous test acc : 0.780
!sample done!
!update history done!
Training time: 66024.818
Last Forgetting : 0.053
Last Intransigence : 0.107
test accuracy: 0.641 (5816 / 9069).
val accuracy: 0.645 (1364 / 2115).
