nohup: ignoring input(the same as ER(weighted criterion))
--------Train with SVRG replay--------
[Seq 1, Epoch 10] val accuracy: 0.77 (324 / 423), avg loss: 0.48 .
[Seq 1, Epoch 20] val accuracy: 0.77 (326 / 423), avg loss: 0.41 .
[Seq 1, Epoch 30] val accuracy: 0.78 (329 / 423), avg loss: 0.35 .
[Seq 1, Epoch 40] val accuracy: 0.78 (329 / 423), avg loss: 0.29 .
[Seq 1, Epoch 50] val accuracy: 0.77 (327 / 423), avg loss: 0.23 .
[Seq 1, Epoch 60] val accuracy: 0.78 (329 / 423), avg loss: 0.18 .
[Seq 1, Epoch 70] val accuracy: 0.77 (325 / 423), avg loss: 0.13 .
[Seq 1, Epoch 80] val accuracy: 0.76 (323 / 423), avg loss: 0.09 .
[Seq 1, Epoch 90] val accuracy: 0.77 (327 / 423), avg loss: 0.06 .
[Seq 1, Epoch 100] val accuracy: 0.76 (321 / 423), avg loss: 0.05 .
test accuracy: 0.768 (6966 / 9069).
Current test acc : 0.768, Best previous test acc : 0.768
!sample done!
!update history done!
[Seq 2, Epoch 10] val accuracy: 0.52 (219 / 423), avg loss: 0.37 .
[Seq 2, Epoch 20] val accuracy: 0.75 (319 / 423), avg loss: 0.26 .
[Seq 2, Epoch 30] val accuracy: 0.78 (331 / 423), avg loss: 0.19 .
[Seq 2, Epoch 40] val accuracy: 0.50 (213 / 423), avg loss: 0.15 .
[Seq 2, Epoch 50] val accuracy: 0.63 (267 / 423), avg loss: 0.15 .
[Seq 2, Epoch 60] val accuracy: 0.71 (300 / 423), avg loss: 0.16 .
[Seq 2, Epoch 70] val accuracy: 0.11 (46 / 423), avg loss: 0.19 .
[Seq 2, Epoch 80] val accuracy: 0.58 (245 / 423), avg loss: 0.13 .
[Seq 2, Epoch 90] val accuracy: 0.33 (140 / 423), avg loss: 0.10 .
[Seq 2, Epoch 100] val accuracy: 0.58 (245 / 423), avg loss: 0.12 .
test accuracy: 0.773 (7007 / 9069).
Current test acc : 0.773, Best previous test acc : 0.773
!sample done!
!update history done!
[Seq 3, Epoch 10] val accuracy: 0.68 (287 / 423), avg loss: 0.26 .
[Seq 3, Epoch 20] val accuracy: 0.77 (324 / 423), avg loss: 0.16 .
[Seq 3, Epoch 30] val accuracy: 0.79 (335 / 423), avg loss: 0.12 .
[Seq 3, Epoch 40] val accuracy: 0.62 (264 / 423), avg loss: 0.10 .
[Seq 3, Epoch 50] val accuracy: 0.87 (370 / 423), avg loss: 0.10 .
[Seq 3, Epoch 60] val accuracy: 0.90 (380 / 423), avg loss: 0.14 .
[Seq 3, Epoch 70] val accuracy: 0.82 (348 / 423), avg loss: 0.11 .
[Seq 3, Epoch 80] val accuracy: 0.77 (326 / 423), avg loss: 0.16 .
[Seq 3, Epoch 90] val accuracy: 0.65 (276 / 423), avg loss: 0.09 .
[Seq 3, Epoch 100] val accuracy: 0.72 (303 / 423), avg loss: 0.07 .
test accuracy: 0.772 (6999 / 9069).
Current test acc : 0.772, Best previous test acc : 0.773
!sample done!
!update history done!
[Seq 4, Epoch 10] val accuracy: 0.78 (328 / 423), avg loss: 0.27 .
[Seq 4, Epoch 20] val accuracy: 0.80 (339 / 423), avg loss: 0.15 .
[Seq 4, Epoch 30] val accuracy: 0.81 (341 / 423), avg loss: 0.08 .
[Seq 4, Epoch 40] val accuracy: 0.79 (335 / 423), avg loss: 0.05 .
[Seq 4, Epoch 50] val accuracy: 0.80 (339 / 423), avg loss: 0.04 .
[Seq 4, Epoch 60] val accuracy: 0.78 (332 / 423), avg loss: 0.03 .
[Seq 4, Epoch 70] val accuracy: 0.80 (337 / 423), avg loss: 0.02 .
[Seq 4, Epoch 80] val accuracy: 0.80 (339 / 423), avg loss: 0.02 .
[Seq 4, Epoch 90] val accuracy: 0.81 (341 / 423), avg loss: 0.02 .
[Seq 4, Epoch 100] val accuracy: 0.81 (343 / 423), avg loss: 0.02 .
test accuracy: 0.782 (7096 / 9069).
Current test acc : 0.782, Best previous test acc : 0.782
!sample done!
!update history done!
[Seq 5, Epoch 10] val accuracy: 0.67 (285 / 423), avg loss: 0.18 .
[Seq 5, Epoch 20] val accuracy: 0.61 (257 / 423), avg loss: 0.10 .
[Seq 5, Epoch 30] val accuracy: 0.68 (286 / 423), avg loss: 0.08 .
[Seq 5, Epoch 40] val accuracy: 0.77 (326 / 423), avg loss: 0.08 .
[Seq 5, Epoch 50] val accuracy: 0.75 (319 / 423), avg loss: 0.09 .
[Seq 5, Epoch 60] val accuracy: 0.71 (299 / 423), avg loss: 0.10 .
[Seq 5, Epoch 70] val accuracy: 0.66 (278 / 423), avg loss: 0.20 .
[Seq 5, Epoch 80] val accuracy: 0.46 (195 / 423), avg loss: 0.18 .
[Seq 5, Epoch 90] val accuracy: 0.38 (159 / 423), avg loss: 0.16 .
[Seq 5, Epoch 100] val accuracy: 0.33 (141 / 423), avg loss: 0.19 .
test accuracy: 0.579 (5248 / 9069).
Current test acc : 0.579, Best previous test acc : 0.782
!sample done!
!update history done!
Training time: 40380.302
Last Forgetting : 0.041
Last Intransigence : 0.099
test accuracy: 0.579 (5248 / 9069).
val accuracy: 0.580 (1226 / 2115).
