nohup: ignoring input(* idx, weighted criterion, alpha=0, no decay)
--------Train with SVRG replay--------
[Seq 1, Epoch 10] val accuracy: 0.76 (323 / 423), avg loss: 0.47 .
[Seq 1, Epoch 20] val accuracy: 0.76 (323 / 423), avg loss: 0.41 .
[Seq 1, Epoch 30] val accuracy: 0.76 (320 / 423), avg loss: 0.34 .
[Seq 1, Epoch 40] val accuracy: 0.77 (326 / 423), avg loss: 0.28 .
[Seq 1, Epoch 50] val accuracy: 0.76 (320 / 423), avg loss: 0.22 .
[Seq 1, Epoch 60] val accuracy: 0.75 (319 / 423), avg loss: 0.17 .
[Seq 1, Epoch 70] val accuracy: 0.76 (320 / 423), avg loss: 0.12 .
[Seq 1, Epoch 80] val accuracy: 0.77 (325 / 423), avg loss: 0.08 .
[Seq 1, Epoch 90] val accuracy: 0.77 (325 / 423), avg loss: 0.06 .
[Seq 1, Epoch 100] val accuracy: 0.77 (324 / 423), avg loss: 0.05 .
test accuracy: 0.764 (6925 / 9069).
Current test acc : 0.764, Best previous test acc : 0.764
!sample done!
!update history done!
[Seq 2, Epoch 10] val accuracy: 0.52 (219 / 423), avg loss: 0.46 .
[Seq 2, Epoch 20] val accuracy: 0.57 (240 / 423), avg loss: 0.41 .
[Seq 2, Epoch 30] val accuracy: 0.56 (235 / 423), avg loss: 0.37 .
[Seq 2, Epoch 40] val accuracy: 0.61 (259 / 423), avg loss: 0.32 .
[Seq 2, Epoch 50] val accuracy: 0.51 (216 / 423), avg loss: 0.28 .
!!!Early Stop!!!
test accuracy: 0.685 (6214 / 9069).
Current test acc : 0.685, Best previous test acc : 0.764
!sample done!
!update history done!
[Seq 3, Epoch 10] val accuracy: 0.66 (279 / 423), avg loss: 0.40 .
[Seq 3, Epoch 20] val accuracy: 0.70 (298 / 423), avg loss: 0.36 .
[Seq 3, Epoch 30] val accuracy: 0.72 (306 / 423), avg loss: 0.32 .
[Seq 3, Epoch 40] val accuracy: 0.80 (337 / 423), avg loss: 0.28 .
[Seq 3, Epoch 50] val accuracy: 0.78 (328 / 423), avg loss: 0.25 .
[Seq 3, Epoch 60] val accuracy: 0.79 (333 / 423), avg loss: 0.23 .
[Seq 3, Epoch 70] val accuracy: 0.63 (268 / 423), avg loss: 0.21 .
[Seq 3, Epoch 80] val accuracy: 0.67 (285 / 423), avg loss: 0.20 .
[Seq 3, Epoch 90] val accuracy: 0.83 (353 / 423), avg loss: 0.17 .
[Seq 3, Epoch 100] val accuracy: 0.39 (166 / 423), avg loss: 0.16 .
test accuracy: 0.788 (7145 / 9069).
Current test acc : 0.788, Best previous test acc : 0.788
!sample done!
!update history done!
[Seq 4, Epoch 10] val accuracy: 0.79 (334 / 423), avg loss: 0.47 .
[Seq 4, Epoch 20] val accuracy: 0.76 (320 / 423), avg loss: 0.40 .
[Seq 4, Epoch 30] val accuracy: 0.76 (322 / 423), avg loss: 0.36 .
[Seq 4, Epoch 40] val accuracy: 0.75 (319 / 423), avg loss: 0.32 .
[Seq 4, Epoch 50] val accuracy: 0.76 (320 / 423), avg loss: 0.29 .
[Seq 4, Epoch 60] val accuracy: 0.75 (318 / 423), avg loss: 0.27 .
[Seq 4, Epoch 70] val accuracy: 0.76 (321 / 423), avg loss: 0.24 .
[Seq 4, Epoch 80] val accuracy: 0.77 (325 / 423), avg loss: 0.22 .
[Seq 4, Epoch 90] val accuracy: 0.76 (320 / 423), avg loss: 0.20 .
[Seq 4, Epoch 100] val accuracy: 0.75 (319 / 423), avg loss: 0.19 .
test accuracy: 0.784 (7108 / 9069).
Current test acc : 0.784, Best previous test acc : 0.788
!sample done!
!update history done!
[Seq 5, Epoch 10] val accuracy: 0.64 (269 / 423), avg loss: 0.48 .
[Seq 5, Epoch 20] val accuracy: 0.65 (277 / 423), avg loss: 0.46 .
[Seq 5, Epoch 30] val accuracy: 0.66 (279 / 423), avg loss: 0.45 .
[Seq 5, Epoch 40] val accuracy: 0.63 (265 / 423), avg loss: 0.45 .
[Seq 5, Epoch 50] val accuracy: 0.69 (291 / 423), avg loss: 0.46 .
[Seq 5, Epoch 60] val accuracy: 0.65 (276 / 423), avg loss: 0.47 .
[Seq 5, Epoch 70] val accuracy: 0.49 (208 / 423), avg loss: 0.48 .
[Seq 5, Epoch 80] val accuracy: 0.65 (276 / 423), avg loss: 0.48 .
[Seq 5, Epoch 90] val accuracy: 0.51 (217 / 423), avg loss: 0.50 .
[Seq 5, Epoch 100] val accuracy: 0.56 (237 / 423), avg loss: 0.52 .
test accuracy: 0.786 (7124 / 9069).
Current test acc : 0.786, Best previous test acc : 0.788
!sample done!
!update history done!
Training time: 48810.983
Last Forgetting : 0.017
Last Intransigence : 0.073
test accuracy: 0.786 (7124 / 9069).
val accuracy: 0.767 (1622 / 2115).
