nohup: ignoring input(fixed diff bn)
--------Train with SVRG replay--------
[Seq 1, Epoch 10] val accuracy: 0.78 (332 / 423), avg loss: 0.47, best epoch: 9 .
[Seq 1, Epoch 20] val accuracy: 0.79 (335 / 423), avg loss: 0.41, best epoch: 14 .
[Seq 1, Epoch 30] val accuracy: 0.80 (340 / 423), avg loss: 0.35, best epoch: 29 .
[Seq 1, Epoch 40] val accuracy: 0.81 (341 / 423), avg loss: 0.29, best epoch: 34 .
[Seq 1, Epoch 50] val accuracy: 0.81 (341 / 423), avg loss: 0.24, best epoch: 34 .
[Seq 1, Epoch 60] val accuracy: 0.81 (342 / 423), avg loss: 0.20, best epoch: 34 .
[Seq 1, Epoch 70] val accuracy: 0.81 (341 / 423), avg loss: 0.15, best epoch: 34 .
[Seq 1, Epoch 80] val accuracy: 0.80 (340 / 423), avg loss: 0.12, best epoch: 34 .
[Seq 1, Epoch 90] val accuracy: 0.81 (341 / 423), avg loss: 0.10, best epoch: 34 .
[Seq 1, Epoch 100] val accuracy: 0.81 (342 / 423), avg loss: 0.07, best epoch: 34 .
test accuracy: 0.778 (7055 / 9069).
Current test acc : 0.778, Best previous test acc : 0.778
!sample done!
!update history done!
[Seq 2, Epoch 1] val accuracy: 0.72 (305 / 423), avg loss: 0.52, best epoch: 0 .
[Seq 2, Epoch 2] val accuracy: 0.73 (309 / 423), avg loss: 0.50, best epoch: 1 .
[Seq 2, Epoch 3] val accuracy: 0.73 (310 / 423), avg loss: 0.49, best epoch: 2 .
[Seq 2, Epoch 4] val accuracy: 0.72 (303 / 423), avg loss: 0.49, best epoch: 2 .
[Seq 2, Epoch 5] val accuracy: 0.71 (301 / 423), avg loss: 0.48, best epoch: 2 .
[Seq 2, Epoch 6] val accuracy: 0.69 (292 / 423), avg loss: 0.48, best epoch: 2 .
[Seq 2, Epoch 7] val accuracy: 0.69 (292 / 423), avg loss: 0.47, best epoch: 2 .
[Seq 2, Epoch 8] val accuracy: 0.68 (286 / 423), avg loss: 0.47, best epoch: 2 .
[Seq 2, Epoch 9] val accuracy: 0.63 (265 / 423), avg loss: 0.47, best epoch: 2 .
[Seq 2, Epoch 10] val accuracy: 0.59 (250 / 423), avg loss: 0.46, best epoch: 2 .
test accuracy: 0.771 (6991 / 9069).
Current test acc : 0.771, Best previous test acc : 0.778
!sample done!
!update history done!
[Seq 3, Epoch 1] val accuracy: 0.72 (304 / 423), avg loss: 0.47, best epoch: 0 .
[Seq 3, Epoch 2] val accuracy: 0.73 (309 / 423), avg loss: 0.47, best epoch: 1 .
[Seq 3, Epoch 3] val accuracy: 0.71 (300 / 423), avg loss: 0.46, best epoch: 1 .
[Seq 3, Epoch 4] val accuracy: 0.68 (289 / 423), avg loss: 0.46, best epoch: 1 .
[Seq 3, Epoch 5] val accuracy: 0.65 (276 / 423), avg loss: 0.46, best epoch: 1 .
[Seq 3, Epoch 6] val accuracy: 0.55 (232 / 423), avg loss: 0.46, best epoch: 1 .
[Seq 3, Epoch 7] val accuracy: 0.40 (169 / 423), avg loss: 0.47, best epoch: 1 .
[Seq 3, Epoch 8] val accuracy: 0.25 (106 / 423), avg loss: 0.49, best epoch: 1 .
[Seq 3, Epoch 9] val accuracy: 0.18 (75 / 423), avg loss: 0.52, best epoch: 1 .
[Seq 3, Epoch 10] val accuracy: 0.16 (67 / 423), avg loss: 0.55, best epoch: 1 .
test accuracy: 0.764 (6930 / 9069).
Current test acc : 0.764, Best previous test acc : 0.778
!sample done!
!update history done!
[Seq 4, Epoch 1] val accuracy: 0.74 (312 / 423), avg loss: 0.51, best epoch: 0 .
[Seq 4, Epoch 2] val accuracy: 0.72 (306 / 423), avg loss: 0.50, best epoch: 0 .
[Seq 4, Epoch 3] val accuracy: 0.70 (295 / 423), avg loss: 0.50, best epoch: 0 .
[Seq 4, Epoch 4] val accuracy: 0.64 (269 / 423), avg loss: 0.50, best epoch: 0 .
[Seq 4, Epoch 5] val accuracy: 0.47 (199 / 423), avg loss: 0.50, best epoch: 0 .
[Seq 4, Epoch 6] val accuracy: 0.35 (147 / 423), avg loss: 0.52, best epoch: 0 .
[Seq 4, Epoch 7] val accuracy: 0.29 (121 / 423), avg loss: 0.54, best epoch: 0 .
[Seq 4, Epoch 8] val accuracy: 0.27 (115 / 423), avg loss: 0.57, best epoch: 0 .
[Seq 4, Epoch 9] val accuracy: 0.27 (115 / 423), avg loss: 0.63, best epoch: 0 .
[Seq 4, Epoch 10] val accuracy: 0.27 (115 / 423), avg loss: 0.70, best epoch: 0 .
test accuracy: 0.757 (6861 / 9069).
Current test acc : 0.757, Best previous test acc : 0.778
!sample done!
!update history done!
[Seq 5, Epoch 1] val accuracy: 0.79 (336 / 423), avg loss: 0.56, best epoch: 0 .
[Seq 5, Epoch 2] val accuracy: 0.79 (334 / 423), avg loss: 0.54, best epoch: 0 .
[Seq 5, Epoch 3] val accuracy: 0.79 (334 / 423), avg loss: 0.53, best epoch: 0 .
[Seq 5, Epoch 4] val accuracy: 0.79 (336 / 423), avg loss: 0.53, best epoch: 0 .
[Seq 5, Epoch 5] val accuracy: 0.80 (337 / 423), avg loss: 0.53, best epoch: 4 .
[Seq 5, Epoch 6] val accuracy: 0.79 (334 / 423), avg loss: 0.53, best epoch: 4 .
[Seq 5, Epoch 7] val accuracy: 0.76 (320 / 423), avg loss: 0.53, best epoch: 4 .
[Seq 5, Epoch 8] val accuracy: 0.71 (302 / 423), avg loss: 0.53, best epoch: 4 .
[Seq 5, Epoch 9] val accuracy: 0.69 (293 / 423), avg loss: 0.53, best epoch: 4 .
[Seq 5, Epoch 10] val accuracy: 0.69 (292 / 423), avg loss: 0.56, best epoch: 4 .
test accuracy: 0.672 (6097 / 9069).
Current test acc : 0.672, Best previous test acc : 0.778
!sample done!
!update history done!
Training time: 4367.838
Last Forgetting : 0.030
Last Intransigence : 0.086
test accuracy: 0.672 (6097 / 9069).
val accuracy: 0.675 (1428 / 2115).



nohup: ignoring input
--------Train with SVRG replay--------
[Seq 1, Epoch 10] val accuracy: 0.76 (321 / 423), avg loss: 0.47, best epoch: 9 .
[Seq 1, Epoch 20] val accuracy: 0.76 (323 / 423), avg loss: 0.41, best epoch: 14 .
[Seq 1, Epoch 30] val accuracy: 0.78 (328 / 423), avg loss: 0.36, best epoch: 29 .
[Seq 1, Epoch 40] val accuracy: 0.77 (324 / 423), avg loss: 0.31, best epoch: 29 .
[Seq 1, Epoch 50] val accuracy: 0.78 (328 / 423), avg loss: 0.26, best epoch: 44 .
[Seq 1, Epoch 60] val accuracy: 0.79 (333 / 423), avg loss: 0.21, best epoch: 44 .
[Seq 1, Epoch 70] val accuracy: 0.78 (331 / 423), avg loss: 0.17, best epoch: 44 .
[Seq 1, Epoch 80] val accuracy: 0.78 (330 / 423), avg loss: 0.14, best epoch: 44 .
[Seq 1, Epoch 90] val accuracy: 0.78 (331 / 423), avg loss: 0.11, best epoch: 44 .
[Seq 1, Epoch 100] val accuracy: 0.78 (330 / 423), avg loss: 0.09, best epoch: 44 .
test accuracy: 0.778 (7057 / 9069).
Current test acc : 0.778, Best previous test acc : 0.778
!sample done!
!update history done!
[Seq 2, Epoch 1] val accuracy: 0.78 (329 / 423), avg loss: 0.52, best epoch: 0 .
[Seq 2, Epoch 2] val accuracy: 0.78 (329 / 423), avg loss: 0.50, best epoch: 0 .
[Seq 2, Epoch 3] val accuracy: 0.78 (331 / 423), avg loss: 0.49, best epoch: 2 .
[Seq 2, Epoch 4] val accuracy: 0.79 (334 / 423), avg loss: 0.49, best epoch: 3 .
[Seq 2, Epoch 5] val accuracy: 0.79 (334 / 423), avg loss: 0.48, best epoch: 3 .
[Seq 2, Epoch 6] val accuracy: 0.79 (335 / 423), avg loss: 0.47, best epoch: 5 .
[Seq 2, Epoch 7] val accuracy: 0.79 (335 / 423), avg loss: 0.47, best epoch: 5 .
[Seq 2, Epoch 8] val accuracy: 0.78 (332 / 423), avg loss: 0.47, best epoch: 5 .
[Seq 2, Epoch 9] val accuracy: 0.78 (332 / 423), avg loss: 0.47, best epoch: 5 .
[Seq 2, Epoch 10] val accuracy: 0.81 (342 / 423), avg loss: 0.46, best epoch: 9 .
test accuracy: 0.781 (7083 / 9069).
Current test acc : 0.781, Best previous test acc : 0.781
!sample done!
!update history done!
[Seq 3, Epoch 1] val accuracy: 0.78 (332 / 423), avg loss: 0.49, best epoch: 0 .
[Seq 3, Epoch 2] val accuracy: 0.80 (339 / 423), avg loss: 0.49, best epoch: 1 .
[Seq 3, Epoch 3] val accuracy: 0.79 (334 / 423), avg loss: 0.48, best epoch: 1 .
[Seq 3, Epoch 4] val accuracy: 0.81 (343 / 423), avg loss: 0.48, best epoch: 3 .
[Seq 3, Epoch 5] val accuracy: 0.82 (346 / 423), avg loss: 0.48, best epoch: 4 .
[Seq 3, Epoch 6] val accuracy: 0.82 (346 / 423), avg loss: 0.47, best epoch: 4 .
[Seq 3, Epoch 7] val accuracy: 0.85 (360 / 423), avg loss: 0.48, best epoch: 6 .
[Seq 3, Epoch 8] val accuracy: 0.87 (370 / 423), avg loss: 0.48, best epoch: 7 .
[Seq 3, Epoch 9] val accuracy: 0.90 (379 / 423), avg loss: 0.48, best epoch: 8 .
[Seq 3, Epoch 10] val accuracy: 0.89 (375 / 423), avg loss: 0.49, best epoch: 8 .
test accuracy: 0.741 (6716 / 9069).
Current test acc : 0.741, Best previous test acc : 0.781
!sample done!
!update history done!
[Seq 4, Epoch 1] val accuracy: 0.78 (332 / 423), avg loss: 0.53, best epoch: 0 .
[Seq 4, Epoch 2] val accuracy: 0.78 (328 / 423), avg loss: 0.55, best epoch: 0 .
[Seq 4, Epoch 3] val accuracy: 0.76 (323 / 423), avg loss: 0.57, best epoch: 0 .
[Seq 4, Epoch 4] val accuracy: 0.76 (322 / 423), avg loss: 0.63, best epoch: 0 .
[Seq 4, Epoch 5] val accuracy: 0.76 (322 / 423), avg loss: 0.69, best epoch: 0 .
[Seq 4, Epoch 6] val accuracy: 0.76 (322 / 423), avg loss: 0.78, best epoch: 0 .
[Seq 4, Epoch 7] val accuracy: 0.76 (322 / 423), avg loss: 0.92, best epoch: 0 .
[Seq 4, Epoch 8] val accuracy: 0.76 (322 / 423), avg loss: 1.41, best epoch: 0 .
[Seq 4, Epoch 9] val accuracy: 0.76 (322 / 423), avg loss: 2.48, best epoch: 0 .
[Seq 4, Epoch 10] val accuracy: 0.76 (322 / 423), avg loss: 4.93, best epoch: 0 .
test accuracy: 0.738 (6692 / 9069).
Current test acc : 0.738, Best previous test acc : 0.781
!sample done!
!update history done!
[Seq 5, Epoch 1] val accuracy: 0.44 (185 / 423), avg loss: 0.62, best epoch: 0 .
[Seq 5, Epoch 2] val accuracy: 0.38 (159 / 423), avg loss: 0.64, best epoch: 0 .
[Seq 5, Epoch 3] val accuracy: 0.35 (149 / 423), avg loss: 0.70, best epoch: 0 .
[Seq 5, Epoch 4] val accuracy: 0.35 (149 / 423), avg loss: 0.80, best epoch: 0 .
[Seq 5, Epoch 5] val accuracy: 0.35 (149 / 423), avg loss: 0.95, best epoch: 0 .
[Seq 5, Epoch 6] val accuracy: 0.35 (149 / 423), avg loss: 1.17, best epoch: 0 .
[Seq 5, Epoch 7] val accuracy: 0.35 (149 / 423), avg loss: 1.82, best epoch: 0 .
[Seq 5, Epoch 8] val accuracy: 0.35 (149 / 423), avg loss: 3.14, best epoch: 0 .
[Seq 5, Epoch 9] val accuracy: 0.35 (149 / 423), avg loss: 6.84, best epoch: 0 .
[Seq 5, Epoch 10] val accuracy: 0.35 (149 / 423), avg loss: 32.05, best epoch: 0 .
test accuracy: 0.712 (6457 / 9069).
Current test acc : 0.712, Best previous test acc : 0.781
!sample done!
!update history done!
Training time: 23828.681
Last Forgetting : 0.031
Last Intransigence : 0.084
test accuracy: 0.712 (6457 / 9069).
val accuracy: 0.724 (1532 / 2115).
