nohup: ignoring input
--------Train with SVRG replay--------
[Seq 1, Epoch 10] val accuracy: 0.78 (328 / 423), avg loss: 0.47 .
[Seq 1, Epoch 20] val accuracy: 0.78 (329 / 423), avg loss: 0.41 .
[Seq 1, Epoch 30] val accuracy: 0.78 (330 / 423), avg loss: 0.36 .
[Seq 1, Epoch 40] val accuracy: 0.77 (325 / 423), avg loss: 0.30 .
[Seq 1, Epoch 50] val accuracy: 0.78 (330 / 423), avg loss: 0.25 .
[Seq 1, Epoch 60] val accuracy: 0.78 (330 / 423), avg loss: 0.19 .
[Seq 1, Epoch 70] val accuracy: 0.76 (322 / 423), avg loss: 0.14 .
[Seq 1, Epoch 80] val accuracy: 0.78 (329 / 423), avg loss: 0.10 .
[Seq 1, Epoch 90] val accuracy: 0.78 (328 / 423), avg loss: 0.07 .
[Seq 1, Epoch 100] val accuracy: 0.77 (324 / 423), avg loss: 0.05 .
test accuracy: 0.766 (6949 / 9069).
Current test acc : 0.766, Best previous test acc : 0.766
!sample done!
!update history done!
[Seq 2, Epoch 10] val accuracy: 0.88 (372 / 423), avg loss: 716.66 .
[Seq 2, Epoch 20] val accuracy: 0.85 (359 / 423), avg loss: 3638294.79 .
[Seq 2, Epoch 30] val accuracy: 0.85 (358 / 423), avg loss: 31630803.43 .
[Seq 2, Epoch 40] val accuracy: 0.85 (358 / 423), avg loss: 106286187.00 .
[Seq 2, Epoch 50] val accuracy: 0.85 (358 / 423), avg loss: 260263474.13 .
[Seq 2, Epoch 60] val accuracy: 0.85 (358 / 423), avg loss: 486145510.93 .
[Seq 2, Epoch 70] val accuracy: 0.85 (358 / 423), avg loss: 794562355.20 .
[Seq 2, Epoch 80] val accuracy: 0.85 (358 / 423), avg loss: 1018579730.13 .
[Seq 2, Epoch 90] val accuracy: 0.84 (356 / 423), avg loss: 858073334.40 .
[Seq 2, Epoch 100] val accuracy: 0.58 (246 / 423), avg loss: 315641424.00 .
test accuracy: 0.684 (6202 / 9069).
Current test acc : 0.684, Best previous test acc : 0.766
!sample done!
!update history done!
[Seq 3, Epoch 10] val accuracy: 0.84 (355 / 423), avg loss: 1819778.37 .
[Seq 3, Epoch 20] val accuracy: 0.83 (353 / 423), avg loss: 13265684.53 .
[Seq 3, Epoch 30] val accuracy: 0.83 (353 / 423), avg loss: 45162399.60 .
[Seq 3, Epoch 40] val accuracy: 0.83 (353 / 423), avg loss: 105754778.27 .
[Seq 3, Epoch 50] val accuracy: 0.84 (354 / 423), avg loss: 200842443.20 .
[Seq 3, Epoch 60] val accuracy: 0.84 (354 / 423), avg loss: 330325894.40 .
[Seq 3, Epoch 70] val accuracy: 0.84 (354 / 423), avg loss: 490080711.47 .
[Seq 3, Epoch 80] val accuracy: 0.83 (353 / 423), avg loss: 589233474.67 .
[Seq 3, Epoch 90] val accuracy: 0.83 (349 / 423), avg loss: 521274641.07 .
[Seq 3, Epoch 100] val accuracy: 0.66 (281 / 423), avg loss: 235479635.47 .
test accuracy: 0.651 (5902 / 9069).
Current test acc : 0.651, Best previous test acc : 0.766
!sample done!
!update history done!
[Seq 4, Epoch 10] val accuracy: 0.66 (279 / 423), avg loss: 5057028.05 .
[Seq 4, Epoch 20] val accuracy: 0.66 (280 / 423), avg loss: 18922232.30 .
[Seq 4, Epoch 30] val accuracy: 0.66 (280 / 423), avg loss: 45287801.00 .
[Seq 4, Epoch 40] val accuracy: 0.66 (279 / 423), avg loss: 84674823.07 .
[Seq 4, Epoch 50] val accuracy: 0.66 (279 / 423), avg loss: 141553800.40 .
[Seq 4, Epoch 60] val accuracy: 0.66 (279 / 423), avg loss: 209816174.93 .
[Seq 4, Epoch 70] val accuracy: 0.66 (279 / 423), avg loss: 280719693.07 .
[Seq 4, Epoch 80] val accuracy: 0.66 (280 / 423), avg loss: 333728234.13 .
[Seq 4, Epoch 90] val accuracy: 0.66 (280 / 423), avg loss: 313263556.27 .
[Seq 4, Epoch 100] val accuracy: 0.64 (271 / 423), avg loss: 172622730.93 .
test accuracy: 0.651 (5903 / 9069).
Current test acc : 0.651, Best previous test acc : 0.766
!sample done!
!update history done!
[Seq 5, Epoch 10] val accuracy: 0.33 (141 / 423), avg loss: 10704373.77 .
[Seq 5, Epoch 20] val accuracy: 0.35 (146 / 423), avg loss: 25346968.67 .
[Seq 5, Epoch 30] val accuracy: 0.35 (148 / 423), avg loss: 45207312.73 .
[Seq 5, Epoch 40] val accuracy: 0.35 (148 / 423), avg loss: 69301499.33 .
[Seq 5, Epoch 50] val accuracy: 0.35 (148 / 423), avg loss: 97968618.13 .
[Seq 5, Epoch 60] val accuracy: 0.35 (148 / 423), avg loss: 128910304.53 .
[Seq 5, Epoch 70] val accuracy: 0.35 (148 / 423), avg loss: 159591729.33 .
[Seq 5, Epoch 80] val accuracy: 0.35 (148 / 423), avg loss: 191893694.40 .
[Seq 5, Epoch 90] val accuracy: 0.35 (149 / 423), avg loss: 218877330.67 .
[Seq 5, Epoch 100] val accuracy: 0.35 (150 / 423), avg loss: 238794105.60 .
test accuracy: 0.653 (5922 / 9069).
Current test acc : 0.653, Best previous test acc : 0.766
!sample done!
!update history done!
Training time: 46824.874
Last Forgetting : 0.085
Last Intransigence : 0.153
test accuracy: 0.653 (5922 / 9069).
val accuracy: 0.650 (1374 / 2115).
