nohup: ignoring input(sample val, alpha=0.1, no decay, with * idx)
--------Train with SVRG replay--------
[Seq 1, Epoch 10] val accuracy: 0.78 (298 / 384), avg loss: 0.47 .
[Seq 1, Epoch 20] val accuracy: 0.76 (291 / 384), avg loss: 0.41 .
[Seq 1, Epoch 30] val accuracy: 0.76 (293 / 384), avg loss: 0.36 .
[Seq 1, Epoch 40] val accuracy: 0.77 (296 / 384), avg loss: 0.30 .
[Seq 1, Epoch 50] val accuracy: 0.76 (292 / 384), avg loss: 0.25 .
[Seq 1, Epoch 60] val accuracy: 0.77 (294 / 384), avg loss: 0.19 .
[Seq 1, Epoch 70] val accuracy: 0.76 (290 / 384), avg loss: 0.14 .
[Seq 1, Epoch 80] val accuracy: 0.75 (289 / 384), avg loss: 0.10 .
[Seq 1, Epoch 90] val accuracy: 0.76 (293 / 384), avg loss: 0.07 .
[Seq 1, Epoch 100] val accuracy: 0.75 (289 / 384), avg loss: 0.05 .
test accuracy: 0.761 (6905 / 9069).
Current test acc : 0.761, Best previous test acc : 0.761
!sample done!
!update history done!
[Seq 2, Epoch 10] val accuracy: 0.67 (258 / 384), avg loss: 0.47 .
[Seq 2, Epoch 20] val accuracy: 0.65 (251 / 384), avg loss: 0.43 .
[Seq 2, Epoch 30] val accuracy: 0.66 (254 / 384), avg loss: 0.38 .
[Seq 2, Epoch 40] val accuracy: 0.57 (219 / 384), avg loss: 0.34 .
[Seq 2, Epoch 50] val accuracy: 0.65 (250 / 384), avg loss: 0.30 .
[Seq 2, Epoch 60] val accuracy: 0.29 (112 / 384), avg loss: 0.28 .
[Seq 2, Epoch 70] val accuracy: 0.64 (245 / 384), avg loss: 0.27 .
[Seq 2, Epoch 80] val accuracy: 0.46 (178 / 384), avg loss: 0.28 .
[Seq 2, Epoch 90] val accuracy: 0.49 (189 / 384), avg loss: 0.30 .
[Seq 2, Epoch 100] val accuracy: 0.44 (168 / 384), avg loss: 0.42 .
test accuracy: 0.659 (5974 / 9069).
Current test acc : 0.659, Best previous test acc : 0.761
!sample done!
!update history done!
[Seq 3, Epoch 10] val accuracy: 0.65 (251 / 384), avg loss: 0.43 .
[Seq 3, Epoch 20] val accuracy: 0.75 (287 / 384), avg loss: 0.38 .
[Seq 3, Epoch 30] val accuracy: 0.74 (284 / 384), avg loss: 0.35 .
[Seq 3, Epoch 40] val accuracy: 0.68 (260 / 384), avg loss: 0.32 .
[Seq 3, Epoch 50] val accuracy: 0.70 (269 / 384), avg loss: 0.30 .
[Seq 3, Epoch 60] val accuracy: 0.72 (277 / 384), avg loss: 0.42 .
[Seq 3, Epoch 70] val accuracy: 0.77 (294 / 384), avg loss: 0.53 .
[Seq 3, Epoch 80] val accuracy: 0.57 (218 / 384), avg loss: 0.53 .
[Seq 3, Epoch 90] val accuracy: 0.70 (270 / 384), avg loss: 0.52 .
[Seq 3, Epoch 100] val accuracy: 0.45 (171 / 384), avg loss: 0.52 .
test accuracy: 0.735 (6662 / 9069).
Current test acc : 0.735, Best previous test acc : 0.761
!sample done!
!update history done!
[Seq 4, Epoch 10] val accuracy: 0.69 (264 / 384), avg loss: 0.58 .
[Seq 4, Epoch 20] val accuracy: 0.78 (300 / 384), avg loss: 0.57 .
[Seq 4, Epoch 30] val accuracy: 0.72 (278 / 384), avg loss: 0.56 .
[Seq 4, Epoch 40] val accuracy: 0.78 (298 / 384), avg loss: 0.60 .
[Seq 4, Epoch 50] val accuracy: 0.75 (288 / 384), avg loss: 0.61 .
[Seq 4, Epoch 60] val accuracy: 0.76 (292 / 384), avg loss: 0.58 .
[Seq 4, Epoch 70] val accuracy: 0.74 (284 / 384), avg loss: 0.60 .
[Seq 4, Epoch 80] val accuracy: 0.75 (287 / 384), avg loss: 0.59 .
[Seq 4, Epoch 90] val accuracy: 0.79 (302 / 384), avg loss: 0.59 .
[Seq 4, Epoch 100] val accuracy: 0.78 (298 / 384), avg loss: 0.60 .
test accuracy: 0.734 (6660 / 9069).
Current test acc : 0.734, Best previous test acc : 0.761
!sample done!
!update history done!
[Seq 5, Epoch 10] val accuracy: 0.66 (252 / 384), avg loss: 0.60 .
[Seq 5, Epoch 20] val accuracy: 0.66 (252 / 384), avg loss: 0.58 .
[Seq 5, Epoch 30] val accuracy: 0.66 (252 / 384), avg loss: 0.63 .
[Seq 5, Epoch 40] val accuracy: 0.66 (252 / 384), avg loss: 0.74 .
[Seq 5, Epoch 50] val accuracy: 0.66 (253 / 384), avg loss: 0.75 .
[Seq 5, Epoch 60] val accuracy: 0.66 (252 / 384), avg loss: 0.68 .
[Seq 5, Epoch 70] val accuracy: 0.66 (252 / 384), avg loss: 0.71 .
[Seq 5, Epoch 80] val accuracy: 0.66 (252 / 384), avg loss: 0.78 .
[Seq 5, Epoch 90] val accuracy: 0.66 (252 / 384), avg loss: 0.83 .
[Seq 5, Epoch 100] val accuracy: 0.65 (249 / 384), avg loss: 0.91 .
test accuracy: 0.692 (6279 / 9069).
Current test acc : 0.692, Best previous test acc : 0.761
!sample done!
!update history done!
Training time: 48737.241
Last Forgetting : 0.045
Last Intransigence : 0.118
test accuracy: 0.692 (6279 / 9069).
val accuracy: 0.696 (1472 / 2115).
