nohup: ignoring input(0.001, 10, 0.9)
--------Train with SVRG replay--------
[Seq 1, Epoch 10] val accuracy: 0.71 (300 / 423), avg loss: 0.47 .
[Seq 1, Epoch 20] val accuracy: 0.72 (306 / 423), avg loss: 0.41 .
[Seq 1, Epoch 30] val accuracy: 0.72 (304 / 423), avg loss: 0.36 .
[Seq 1, Epoch 40] val accuracy: 0.73 (309 / 423), avg loss: 0.31 .
[Seq 1, Epoch 50] val accuracy: 0.73 (307 / 423), avg loss: 0.28 .
[Seq 1, Epoch 60] val accuracy: 0.73 (308 / 423), avg loss: 0.24 .
[Seq 1, Epoch 70] val accuracy: 0.73 (310 / 423), avg loss: 0.21 .
[Seq 1, Epoch 80] val accuracy: 0.73 (308 / 423), avg loss: 0.18 .
[Seq 1, Epoch 90] val accuracy: 0.73 (307 / 423), avg loss: 0.16 .
[Seq 1, Epoch 100] val accuracy: 0.73 (309 / 423), avg loss: 0.15 .
test accuracy: 0.773 (7013 / 9069).
Current test acc : 0.773, Best previous test acc : 0.773
!sample done!
!update history done!
[Seq 2, Epoch 10] val accuracy: 0.69 (470 / 679), avg loss: 0.36 .
[Seq 2, Epoch 20] val accuracy: 0.69 (467 / 679), avg loss: 0.28 .
[Seq 2, Epoch 30] val accuracy: 0.67 (455 / 679), avg loss: 0.24 .
[Seq 2, Epoch 40] val accuracy: 0.67 (458 / 679), avg loss: 0.21 .
[Seq 2, Epoch 50] val accuracy: 0.70 (478 / 679), avg loss: 0.20 .
[Seq 2, Epoch 60] val accuracy: 0.66 (450 / 679), avg loss: 0.20 .
[Seq 2, Epoch 70] val accuracy: 0.60 (409 / 679), avg loss: 0.20 .
[Seq 2, Epoch 80] val accuracy: 0.46 (312 / 679), avg loss: 0.24 .
[Seq 2, Epoch 90] val accuracy: 0.37 (253 / 679), avg loss: 0.40 .
[Seq 2, Epoch 100] val accuracy: 0.32 (220 / 679), avg loss: 0.51 .
test accuracy: 0.699 (6340 / 9069).
Current test acc : 0.699, Best previous test acc : 0.773
!sample done!
!update history done!
[Seq 3, Epoch 10] val accuracy: 0.81 (552 / 679), avg loss: 0.35 .
[Seq 3, Epoch 20] val accuracy: 0.80 (542 / 679), avg loss: 0.29 .
[Seq 3, Epoch 30] val accuracy: 0.68 (464 / 679), avg loss: 0.31 .
[Seq 3, Epoch 40] val accuracy: 0.71 (485 / 679), avg loss: 0.36 .
[Seq 3, Epoch 50] val accuracy: 0.69 (466 / 679), avg loss: 0.37 .
[Seq 3, Epoch 60] val accuracy: 0.66 (450 / 679), avg loss: 0.37 .
[Seq 3, Epoch 70] val accuracy: 0.61 (417 / 679), avg loss: 0.41 .
[Seq 3, Epoch 80] val accuracy: 0.57 (386 / 679), avg loss: 0.45 .
[Seq 3, Epoch 90] val accuracy: 0.66 (449 / 679), avg loss: 0.49 .
[Seq 3, Epoch 100] val accuracy: 0.62 (424 / 679), avg loss: 0.49 .
test accuracy: 0.786 (7126 / 9069).
Current test acc : 0.786, Best previous test acc : 0.786
!sample done!
!update history done!
[Seq 4, Epoch 10] val accuracy: 0.76 (514 / 679), avg loss: 0.46 .
[Seq 4, Epoch 20] val accuracy: 0.76 (519 / 679), avg loss: 0.42 .
[Seq 4, Epoch 30] val accuracy: 0.75 (508 / 679), avg loss: 0.39 .
[Seq 4, Epoch 40] val accuracy: 0.75 (511 / 679), avg loss: 0.39 .
[Seq 4, Epoch 50] val accuracy: 0.76 (514 / 679), avg loss: 0.39 .
[Seq 4, Epoch 60] val accuracy: 0.75 (506 / 679), avg loss: 0.39 .
[Seq 4, Epoch 70] val accuracy: 0.74 (500 / 679), avg loss: 0.40 .
[Seq 4, Epoch 80] val accuracy: 0.74 (500 / 679), avg loss: 0.41 .
[Seq 4, Epoch 90] val accuracy: 0.74 (501 / 679), avg loss: 0.41 .
[Seq 4, Epoch 100] val accuracy: 0.74 (501 / 679), avg loss: 0.41 .
test accuracy: 0.787 (7140 / 9069).
Current test acc : 0.787, Best previous test acc : 0.787
!sample done!
!update history done!
[Seq 5, Epoch 10] val accuracy: 0.57 (388 / 679), avg loss: 0.46 .
[Seq 5, Epoch 20] val accuracy: 0.54 (369 / 679), avg loss: 0.47 .
[Seq 5, Epoch 30] val accuracy: 0.54 (370 / 679), avg loss: 0.50 .
[Seq 5, Epoch 40] val accuracy: 0.55 (374 / 679), avg loss: 0.53 .
[Seq 5, Epoch 50] val accuracy: 0.58 (397 / 679), avg loss: 0.57 .
[Seq 5, Epoch 60] val accuracy: 0.55 (373 / 679), avg loss: 0.60 .
[Seq 5, Epoch 70] val accuracy: 0.57 (385 / 679), avg loss: 0.61 .
[Seq 5, Epoch 80] val accuracy: 0.57 (390 / 679), avg loss: 0.59 .
[Seq 5, Epoch 90] val accuracy: 0.56 (381 / 679), avg loss: 0.62 .
[Seq 5, Epoch 100] val accuracy: 0.55 (373 / 679), avg loss: 0.66 .
test accuracy: 0.765 (6940 / 9069).
Current test acc : 0.765, Best previous test acc : 0.787
!sample done!
!update history done!
Training time: 96178.492
Last Forgetting : 0.019
Last Intransigence : 0.072
test accuracy: 0.765 (6940 / 9069).
val accuracy: 0.748 (1582 / 2115).
