nohup: ignoring input(alpha = 0.5)
--------Train with SVRG replay--------
[Seq 1, Epoch 10] val accuracy: 0.77 (324 / 423), avg loss: 0.47 .
[Seq 1, Epoch 20] val accuracy: 0.77 (324 / 423), avg loss: 0.41 .
[Seq 1, Epoch 30] val accuracy: 0.77 (327 / 423), avg loss: 0.35 .
[Seq 1, Epoch 40] val accuracy: 0.78 (331 / 423), avg loss: 0.31 .
[Seq 1, Epoch 50] val accuracy: 0.78 (329 / 423), avg loss: 0.26 .
[Seq 1, Epoch 60] val accuracy: 0.78 (331 / 423), avg loss: 0.21 .
[Seq 1, Epoch 70] val accuracy: 0.78 (329 / 423), avg loss: 0.18 .
[Seq 1, Epoch 80] val accuracy: 0.78 (329 / 423), avg loss: 0.14 .
[Seq 1, Epoch 90] val accuracy: 0.78 (330 / 423), avg loss: 0.11 .
[Seq 1, Epoch 100] val accuracy: 0.78 (329 / 423), avg loss: 0.09 .
test accuracy: 0.784 (7113 / 9069).
Current test acc : 0.784, Best previous test acc : 0.784
!sample done!
!update history done!
[Seq 2, Epoch 10] val accuracy: 0.89 (375 / 423), avg loss: 0.50 .
[Seq 2, Epoch 20] val accuracy: 0.89 (376 / 423), avg loss: 1.28 .
[Seq 2, Epoch 30] val accuracy: 0.82 (346 / 423), avg loss: 15.30 .
[Seq 2, Epoch 40] val accuracy: 0.80 (339 / 423), avg loss: 52.76 .
