nohup: ignoring input(alpha = 0.3)
--------Train with SVRG replay--------
[Seq 1, Epoch 10] val accuracy: 0.75 (319 / 423), avg loss: 0.47, best epoch: 9 .
[Seq 1, Epoch 20] val accuracy: 0.77 (324 / 423), avg loss: 0.41, best epoch: 19 .
[Seq 1, Epoch 30] val accuracy: 0.76 (323 / 423), avg loss: 0.36, best epoch: 24 .
[Seq 1, Epoch 40] val accuracy: 0.79 (334 / 423), avg loss: 0.31, best epoch: 39 .
[Seq 1, Epoch 50] val accuracy: 0.78 (331 / 423), avg loss: 0.26, best epoch: 39 .
[Seq 1, Epoch 60] val accuracy: 0.78 (331 / 423), avg loss: 0.21, best epoch: 39 .
[Seq 1, Epoch 70] val accuracy: 0.78 (330 / 423), avg loss: 0.18, best epoch: 39 .
[Seq 1, Epoch 80] val accuracy: 0.78 (331 / 423), avg loss: 0.15, best epoch: 39 .
[Seq 1, Epoch 90] val accuracy: 0.78 (328 / 423), avg loss: 0.12, best epoch: 39 .
[Seq 1, Epoch 100] val accuracy: 0.78 (330 / 423), avg loss: 0.09, best epoch: 39 .
test accuracy: 0.775 (7028 / 9069).
Current test acc : 0.775, Best previous test acc : 0.775
!sample done!
!update history done!
[Seq 2, Epoch 1] val accuracy: 0.80 (337 / 423), avg loss: 0.51, best epoch: 0 .
[Seq 2, Epoch 2] val accuracy: 0.79 (336 / 423), avg loss: 0.50, best epoch: 0 .
[Seq 2, Epoch 3] val accuracy: 0.77 (326 / 423), avg loss: 0.49, best epoch: 0 .
[Seq 2, Epoch 4] val accuracy: 0.67 (285 / 423), avg loss: 0.49, best epoch: 0 .
[Seq 2, Epoch 5] val accuracy: 0.50 (211 / 423), avg loss: 0.49, best epoch: 0 .
[Seq 2, Epoch 6] val accuracy: 0.26 (110 / 423), avg loss: 0.53, best epoch: 0 .
[Seq 2, Epoch 7] val accuracy: 0.13 (56 / 423), avg loss: 0.61, best epoch: 0 .
[Seq 2, Epoch 8] val accuracy: 0.09 (39 / 423), avg loss: 0.66, best epoch: 0 .
[Seq 2, Epoch 9] val accuracy: 0.09 (39 / 423), avg loss: 0.75, best epoch: 0 .
[Seq 2, Epoch 10] val accuracy: 0.09 (39 / 423), avg loss: 0.94, best epoch: 0 .
test accuracy: 0.774 (7020 / 9069).
Current test acc : 0.774, Best previous test acc : 0.775
!sample done!
!update history done!
[Seq 3, Epoch 1] val accuracy: 0.77 (327 / 423), avg loss: 0.48, best epoch: 0 .
[Seq 3, Epoch 2] val accuracy: 0.76 (320 / 423), avg loss: 0.48, best epoch: 0 .
[Seq 3, Epoch 3] val accuracy: 0.72 (303 / 423), avg loss: 0.47, best epoch: 0 .
[Seq 3, Epoch 4] val accuracy: 0.65 (274 / 423), avg loss: 0.47, best epoch: 0 .
[Seq 3, Epoch 5] val accuracy: 0.41 (173 / 423), avg loss: 0.48, best epoch: 0 .
[Seq 3, Epoch 6] val accuracy: 0.18 (77 / 423), avg loss: 0.55, best epoch: 0 .
[Seq 3, Epoch 7] val accuracy: 0.13 (55 / 423), avg loss: 0.64, best epoch: 0 .
[Seq 3, Epoch 8] val accuracy: 0.13 (54 / 423), avg loss: 0.76, best epoch: 0 .
[Seq 3, Epoch 9] val accuracy: 0.13 (54 / 423), avg loss: 1.04, best epoch: 0 .
[Seq 3, Epoch 10] val accuracy: 0.13 (54 / 423), avg loss: 1.85, best epoch: 0 .
test accuracy: 0.780 (7072 / 9069).
Current test acc : 0.780, Best previous test acc : 0.780
!sample done!
!update history done!
[Seq 4, Epoch 1] val accuracy: 0.78 (330 / 423), avg loss: 0.51, best epoch: 0 .
[Seq 4, Epoch 2] val accuracy: 0.77 (325 / 423), avg loss: 0.50, best epoch: 0 .
[Seq 4, Epoch 3] val accuracy: 0.77 (325 / 423), avg loss: 0.50, best epoch: 0 .
[Seq 4, Epoch 4] val accuracy: 0.75 (317 / 423), avg loss: 0.50, best epoch: 0 .
[Seq 4, Epoch 5] val accuracy: 0.64 (272 / 423), avg loss: 0.49, best epoch: 0 .
[Seq 4, Epoch 6] val accuracy: 0.39 (164 / 423), avg loss: 0.51, best epoch: 0 .
[Seq 4, Epoch 7] val accuracy: 0.28 (119 / 423), avg loss: 0.59, best epoch: 0 .
[Seq 4, Epoch 8] val accuracy: 0.25 (107 / 423), avg loss: 0.70, best epoch: 0 .
[Seq 4, Epoch 9] val accuracy: 0.25 (107 / 423), avg loss: 0.85, best epoch: 0 .
[Seq 4, Epoch 10] val accuracy: 0.25 (107 / 423), avg loss: 1.15, best epoch: 0 .
test accuracy: 0.781 (7081 / 9069).
Current test acc : 0.781, Best previous test acc : 0.781
!sample done!
!update history done!
[Seq 5, Epoch 1] val accuracy: 0.75 (319 / 423), avg loss: 0.56, best epoch: 0 .
[Seq 5, Epoch 2] val accuracy: 0.72 (303 / 423), avg loss: 0.55, best epoch: 0 .
[Seq 5, Epoch 3] val accuracy: 0.54 (229 / 423), avg loss: 0.58, best epoch: 0 .
[Seq 5, Epoch 4] val accuracy: 0.35 (147 / 423), avg loss: 0.65, best epoch: 0 .
[Seq 5, Epoch 5] val accuracy: 0.32 (136 / 423), avg loss: 0.80, best epoch: 0 .
[Seq 5, Epoch 6] val accuracy: 0.32 (136 / 423), avg loss: 1.14, best epoch: 0 .
[Seq 5, Epoch 7] val accuracy: 0.32 (136 / 423), avg loss: 1.87, best epoch: 0 .
[Seq 5, Epoch 8] val accuracy: 0.32 (136 / 423), avg loss: 5.29, best epoch: 0 .
[Seq 5, Epoch 9] val accuracy: 0.32 (136 / 423), avg loss: 161.83, best epoch: 0 .
[Seq 5, Epoch 10] val accuracy: 0.32 (136 / 423), avg loss: 3237.66, best epoch: 0 .
test accuracy: 0.787 (7138 / 9069).
Current test acc : 0.787, Best previous test acc : 0.787
!sample done!
!update history done!
Training time: 5302.659
Last Forgetting : 0.000
Last Intransigence : 0.055
test accuracy: 0.799 (7245 / 9069).
val accuracy: 0.797 (1685 / 2115).
