nohup: ignoring input
--------Train with SVRG replay--------
[Seq 1, Epoch 10] val accuracy: 0.76 (320 / 423), avg loss: 0.47 .
[Seq 1, Epoch 20] val accuracy: 0.77 (326 / 423), avg loss: 0.41 .
[Seq 1, Epoch 30] val accuracy: 0.78 (328 / 423), avg loss: 0.36 .
[Seq 1, Epoch 40] val accuracy: 0.77 (327 / 423), avg loss: 0.31 .
[Seq 1, Epoch 50] val accuracy: 0.77 (324 / 423), avg loss: 0.25 .
[Seq 1, Epoch 60] val accuracy: 0.76 (321 / 423), avg loss: 0.20 .
[Seq 1, Epoch 70] val accuracy: 0.75 (319 / 423), avg loss: 0.15 .
[Seq 1, Epoch 80] val accuracy: 0.74 (315 / 423), avg loss: 0.11 .
[Seq 1, Epoch 90] val accuracy: 0.75 (316 / 423), avg loss: 0.08 .
[Seq 1, Epoch 100] val accuracy: 0.75 (317 / 423), avg loss: 0.06 .
test accuracy: 0.767 (6959 / 9069).
Current test acc : 0.767, Best previous test acc : 0.767
[Seq 2, Epoch 10] val accuracy: 0.67 (456 / 679), avg loss: 0.94 .
[Seq 2, Epoch 20] val accuracy: 0.38 (256 / 679), avg loss: 1.05 .
[Seq 2, Epoch 30] val accuracy: 0.74 (501 / 679), avg loss: 1.42 .
[Seq 2, Epoch 40] val accuracy: 0.73 (493 / 679), avg loss: 2.05 .
[Seq 2, Epoch 50] val accuracy: 0.73 (496 / 679), avg loss: 2.29 .
[Seq 2, Epoch 60] val accuracy: 0.74 (500 / 679), avg loss: 2.47 .
[Seq 2, Epoch 70] val accuracy: 0.74 (503 / 679), avg loss: 2.40 .
[Seq 2, Epoch 80] val accuracy: 0.74 (503 / 679), avg loss: 2.42 .
[Seq 2, Epoch 90] val accuracy: 0.74 (504 / 679), avg loss: 2.43 .
[Seq 2, Epoch 100] val accuracy: 0.75 (506 / 679), avg loss: 2.37 .
test accuracy: 0.753 (6833 / 9069).
Current test acc : 0.753, Best previous test acc : 0.767
[Seq 3, Epoch 10] val accuracy: 0.79 (537 / 679), avg loss: 0.88 .
[Seq 3, Epoch 20] val accuracy: 0.76 (515 / 679), avg loss: 1.90 .
!!!Early Stop!!!
test accuracy: 0.770 (6982 / 9069).
Current test acc : 0.770, Best previous test acc : 0.770
[Seq 4, Epoch 10] val accuracy: 0.73 (496 / 679), avg loss: 2.72 .
[Seq 4, Epoch 20] val accuracy: 0.73 (498 / 679), avg loss: 3.27 .
[Seq 4, Epoch 30] val accuracy: 0.74 (501 / 679), avg loss: 3.00 .
[Seq 4, Epoch 40] val accuracy: 0.73 (495 / 679), avg loss: 3.37 .
!!!Early Stop!!!
test accuracy: 0.740 (6709 / 9069).
Current test acc : 0.740, Best previous test acc : 0.770
[Seq 5, Epoch 10] val accuracy: 0.64 (437 / 679), avg loss: 3.32 .
[Seq 5, Epoch 20] val accuracy: 0.66 (445 / 679), avg loss: 3.25 .
[Seq 5, Epoch 30] val accuracy: 0.66 (451 / 679), avg loss: 3.13 .
[Seq 5, Epoch 40] val accuracy: 0.66 (450 / 679), avg loss: 3.07 .
[Seq 5, Epoch 50] val accuracy: 0.66 (451 / 679), avg loss: 2.99 .
[Seq 5, Epoch 60] val accuracy: 0.66 (450 / 679), avg loss: 2.92 .
[Seq 5, Epoch 70] val accuracy: 0.66 (449 / 679), avg loss: 2.90 .
[Seq 5, Epoch 80] val accuracy: 0.67 (452 / 679), avg loss: 2.90 .
[Seq 5, Epoch 90] val accuracy: 0.67 (455 / 679), avg loss: 2.87 .
[Seq 5, Epoch 100] val accuracy: 0.68 (459 / 679), avg loss: 2.82 .
test accuracy: 0.741 (6722 / 9069).
Current test acc : 0.741, Best previous test acc : 0.770
Training time: 94252.533
Last Forgetting : 0.015
Last Intransigence : 0.080
test accuracy: 0.754 (6838 / 9069).
val accuracy: 0.760 (1608 / 2115).




nohup: ignoring input
--------Train with SVRG replay--------
[Seq 1, Epoch 10] val accuracy: 0.76 (323 / 423), avg loss: 0.49 .
[Seq 1, Epoch 20] val accuracy: 0.78 (329 / 423), avg loss: 0.42 .
[Seq 1, Epoch 30] val accuracy: 0.79 (333 / 423), avg loss: 0.37 .
[Seq 1, Epoch 40] val accuracy: 0.78 (329 / 423), avg loss: 0.32 .
[Seq 1, Epoch 50] val accuracy: 0.80 (338 / 423), avg loss: 0.27 .
[Seq 1, Epoch 60] val accuracy: 0.78 (330 / 423), avg loss: 0.21 .
[Seq 1, Epoch 70] val accuracy: 0.80 (338 / 423), avg loss: 0.16 .
[Seq 1, Epoch 80] val accuracy: 0.81 (344 / 423), avg loss: 0.13 .
[Seq 1, Epoch 90] val accuracy: 0.81 (342 / 423), avg loss: 0.09 .
[Seq 1, Epoch 100] val accuracy: 0.80 (339 / 423), avg loss: 0.06 .
test accuracy: 0.771 (6992 / 9069).
Current test acc : 0.771, Best previous test acc : 0.771
[Seq 2, Epoch 10] val accuracy: 0.63 (430 / 679), avg loss: 1.01 .
[Seq 2, Epoch 20] val accuracy: 0.46 (315 / 679), avg loss: 1.17 .
[Seq 2, Epoch 30] val accuracy: 0.75 (507 / 679), avg loss: 2.10 .
[Seq 2, Epoch 40] val accuracy: 0.73 (499 / 679), avg loss: 3.23 .
[Seq 2, Epoch 50] val accuracy: 0.73 (494 / 679), avg loss: 3.85 .
[Seq 2, Epoch 60] val accuracy: 0.71 (484 / 679), avg loss: 4.60 .
!!!Early Stop!!!
test accuracy: 0.732 (6641 / 9069).
Current test acc : 0.732, Best previous test acc : 0.771





nohup: ignoring input
--------Train with SVRG replay--------
[Seq 1, Epoch 10] val accuracy: 0.74 (314 / 423), avg loss: 0.47 .
[Seq 1, Epoch 20] val accuracy: 0.76 (322 / 423), avg loss: 0.41 .
[Seq 1, Epoch 30] val accuracy: 0.77 (325 / 423), avg loss: 0.36 .
[Seq 1, Epoch 40] val accuracy: 0.77 (325 / 423), avg loss: 0.31 .
[Seq 1, Epoch 50] val accuracy: 0.78 (329 / 423), avg loss: 0.25 .
[Seq 1, Epoch 60] val accuracy: 0.78 (329 / 423), avg loss: 0.20 .
[Seq 1, Epoch 70] val accuracy: 0.77 (326 / 423), avg loss: 0.16 .
[Seq 1, Epoch 80] val accuracy: 0.77 (327 / 423), avg loss: 0.11 .
[Seq 1, Epoch 90] val accuracy: 0.77 (325 / 423), avg loss: 0.08 .
[Seq 1, Epoch 100] val accuracy: 0.77 (324 / 423), avg loss: 0.06 .
test accuracy: 0.776 (7035 / 9069).
Current test acc : 0.776, Best previous test acc : 0.776
!sample done!
!update history done!
[Seq 2, Epoch 10] val accuracy: 0.26 (176 / 679), avg loss: 1.22 .
[Seq 2, Epoch 20] val accuracy: 0.34 (232 / 679), avg loss: 1.18 .
[Seq 2, Epoch 30] val accuracy: 0.34 (230 / 679), avg loss: 1.22 .
[Seq 2, Epoch 40] val accuracy: 0.69 (467 / 679), avg loss: 1.28 .
[Seq 2, Epoch 50] val accuracy: 0.73 (493 / 679), avg loss: 2.66 .
[Seq 2, Epoch 60] val accuracy: 0.72 (490 / 679), avg loss: 3.43 .
[Seq 2, Epoch 70] val accuracy: 0.72 (492 / 679), avg loss: 3.73 .
[Seq 2, Epoch 80] val accuracy: 0.73 (493 / 679), avg loss: 3.83 .
[Seq 2, Epoch 90] val accuracy: 0.72 (491 / 679), avg loss: 4.11 .
[Seq 2, Epoch 100] val accuracy: 0.72 (490 / 679), avg loss: 4.22 .
test accuracy: 0.708 (6419 / 9069).
Current test acc : 0.708, Best previous test acc : 0.776
!sample done!
!update history done!
[Seq 3, Epoch 10] val accuracy: 0.68 (459 / 679), avg loss: 0.86 .
[Seq 3, Epoch 20] val accuracy: 0.69 (469 / 679), avg loss: 1.17 .
[Seq 3, Epoch 30] val accuracy: 0.66 (450 / 679), avg loss: 2.58 .
[Seq 3, Epoch 40] val accuracy: 0.60 (409 / 679), avg loss: 0.82 .
[Seq 3, Epoch 50] val accuracy: 0.68 (462 / 679), avg loss: 2.59 .
[Seq 3, Epoch 60] val accuracy: 0.66 (451 / 679), avg loss: 3.00 .
[Seq 3, Epoch 70] val accuracy: 0.65 (443 / 679), avg loss: 0.71 .
[Seq 3, Epoch 80] val accuracy: 0.66 (448 / 679), avg loss: 0.84 .
[Seq 3, Epoch 90] val accuracy: 0.72 (488 / 679), avg loss: 0.96 .
[Seq 3, Epoch 100] val accuracy: 0.75 (511 / 679), avg loss: 1.07 .
test accuracy: 0.761 (6905 / 9069).
Current test acc : 0.761, Best previous test acc : 0.776
!sample done!
!update history done!
[Seq 4, Epoch 10] val accuracy: 0.68 (463 / 679), avg loss: 0.87 .
[Seq 4, Epoch 20] val accuracy: 0.74 (502 / 679), avg loss: 1.61 .
[Seq 4, Epoch 30] val accuracy: 0.72 (490 / 679), avg loss: 2.75 .
[Seq 4, Epoch 40] val accuracy: 0.73 (495 / 679), avg loss: 2.85 .
[Seq 4, Epoch 50] val accuracy: 0.72 (489 / 679), avg loss: 2.95 .
[Seq 4, Epoch 60] val accuracy: 0.69 (469 / 679), avg loss: 3.19 .
!!!Early Stop!!!
test accuracy: 0.750 (6802 / 9069).
Current test acc : 0.750, Best previous test acc : 0.776
!sample done!
!update history done!
[Seq 5, Epoch 10] val accuracy: 0.65 (439 / 679), avg loss: 3.33 .
[Seq 5, Epoch 20] val accuracy: 0.65 (438 / 679), avg loss: 3.00 .
[Seq 5, Epoch 30] val accuracy: 0.64 (437 / 679), avg loss: 3.27 .
[Seq 5, Epoch 40] val accuracy: 0.64 (437 / 679), avg loss: 3.34 .
[Seq 5, Epoch 50] val accuracy: 0.65 (442 / 679), avg loss: 3.45 .
[Seq 5, Epoch 60] val accuracy: 0.62 (422 / 679), avg loss: 3.30 .
[Seq 5, Epoch 70] val accuracy: 0.62 (422 / 679), avg loss: 4.02 .
[Seq 5, Epoch 80] val accuracy: 0.62 (424 / 679), avg loss: 4.12 .
[Seq 5, Epoch 90] val accuracy: 0.62 (423 / 679), avg loss: 4.09 .
[Seq 5, Epoch 100] val accuracy: 0.63 (426 / 679), avg loss: 4.28 .
test accuracy: 0.588 (5329 / 9069).
Current test acc : 0.588, Best previous test acc : 0.776
!sample done!
!update history done!
Training time: 86361.685
Last Forgetting : 0.059
Last Intransigence : 0.117
test accuracy: 0.725 (6572 / 9069).
val accuracy: 0.726 (1535 / 2115).
