nohup: ignoring input
--------Train with SVRG replay--------
[Seq 1, Epoch 10] val accuracy: 0.79 (333 / 423), avg loss: 0.48 .
[Seq 1, Epoch 20] val accuracy: 0.81 (341 / 423), avg loss: 0.41 .
[Seq 1, Epoch 30] val accuracy: 0.81 (341 / 423), avg loss: 0.35 .
[Seq 1, Epoch 40] val accuracy: 0.81 (341 / 423), avg loss: 0.29 .
[Seq 1, Epoch 50] val accuracy: 0.81 (341 / 423), avg loss: 0.23 .
[Seq 1, Epoch 60] val accuracy: 0.82 (345 / 423), avg loss: 0.17 .
[Seq 1, Epoch 70] val accuracy: 0.82 (346 / 423), avg loss: 0.12 .
[Seq 1, Epoch 80] val accuracy: 0.80 (337 / 423), avg loss: 0.09 .
[Seq 1, Epoch 90] val accuracy: 0.81 (342 / 423), avg loss: 0.06 .
[Seq 1, Epoch 100] val accuracy: 0.81 (341 / 423), avg loss: 0.04 .
test accuracy: 0.772 (7005 / 9069).
Current test acc : 0.772, Best previous test acc : 0.772
[Seq 2, Epoch 10] val accuracy: 0.61 (417 / 679), avg loss: 1.23 .
[Seq 2, Epoch 20] val accuracy: 0.47 (318 / 679), avg loss: 1.61 .
[Seq 2, Epoch 30] val accuracy: 0.30 (206 / 679), avg loss: 1.13 .
!!!Early Stop!!!
test accuracy: 0.637 (5774 / 9069).
Current test acc : 0.637, Best previous test acc : 0.772
[Seq 3, Epoch 10] val accuracy: 0.60 (407 / 679), avg loss: 0.70 .
[Seq 3, Epoch 20] val accuracy: 0.71 (481 / 679), avg loss: 0.73 .
[Seq 3, Epoch 30] val accuracy: 0.74 (504 / 679), avg loss: 0.77 .
[Seq 3, Epoch 40] val accuracy: 0.53 (361 / 679), avg loss: 0.68 .
[Seq 3, Epoch 50] val accuracy: 0.70 (477 / 679), avg loss: 0.86 .
[Seq 3, Epoch 60] val accuracy: 0.70 (478 / 679), avg loss: 1.09 .
[Seq 3, Epoch 70] val accuracy: 0.77 (525 / 679), avg loss: 2.00 .
[Seq 3, Epoch 80] val accuracy: 0.77 (526 / 679), avg loss: 2.52 .
[Seq 3, Epoch 90] val accuracy: 0.78 (529 / 679), avg loss: 2.67 .
[Seq 3, Epoch 100] val accuracy: 0.77 (526 / 679), avg loss: 2.62 .
test accuracy: 0.748 (6787 / 9069).
Current test acc : 0.748, Best previous test acc : 0.772
[Seq 4, Epoch 10] val accuracy: 0.64 (436 / 679), avg loss: 1.54 .
[Seq 4, Epoch 20] val accuracy: 0.74 (500 / 679), avg loss: 2.78 .
[Seq 4, Epoch 30] val accuracy: 0.74 (504 / 679), avg loss: 3.13 .
[Seq 4, Epoch 40] val accuracy: 0.73 (497 / 679), avg loss: 3.20 .
[Seq 4, Epoch 50] val accuracy: 0.73 (495 / 679), avg loss: 3.39 .
!!!Early Stop!!!
test accuracy: 0.746 (6762 / 9069).
Current test acc : 0.746, Best previous test acc : 0.772
[Seq 5, Epoch 10] val accuracy: 0.68 (462 / 679), avg loss: 3.56 .
[Seq 5, Epoch 20] val accuracy: 0.67 (457 / 679), avg loss: 3.16 .
[Seq 5, Epoch 30] val accuracy: 0.67 (457 / 679), avg loss: 3.74 .
[Seq 5, Epoch 40] val accuracy: 0.66 (451 / 679), avg loss: 4.08 .
[Seq 5, Epoch 50] val accuracy: 0.67 (453 / 679), avg loss: 4.31 .
[Seq 5, Epoch 60] val accuracy: 0.66 (450 / 679), avg loss: 4.56 .
[Seq 5, Epoch 70] val accuracy: 0.66 (448 / 679), avg loss: 4.77 .
[Seq 5, Epoch 80] val accuracy: 0.65 (440 / 679), avg loss: 5.02 .
[Seq 5, Epoch 90] val accuracy: 0.41 (278 / 679), avg loss: 1.16 .
[Seq 5, Epoch 100] val accuracy: 0.66 (446 / 679), avg loss: 1.12 .
test accuracy: 0.755 (6847 / 9069).
Current test acc : 0.755, Best previous test acc : 0.772
Training time: 70081.400
Last Forgetting : 0.041
Last Intransigence : 0.102
test accuracy: 0.748 (6781 / 9069).
val accuracy: 0.754 (1595 / 2115).
